#
#model:
#
#<?xml version="1.0" encoding="UTF-8" standalone="no"?><input id="posterior" spec="beast.core.util.CompoundDistribution">
#    <distribution id="prior" spec="beast.core.util.CompoundDistribution">
#        <distribution id="YuleModel.t:alignment_twin_evidence" spec="beast.evolution.speciation.YuleModel">
#            <parameter id="birthRate.t:alignment_twin_evidence" name="birthDiffRate" spec="beast.core.parameter.RealParameter">1.0</parameter>
#            <tree id="Tree.t:alignment_twin_evidence" spec="beast.evolution.tree.Tree">
#                <taxonset id="TaxonSet.alignment_twin_evidence" spec="beast.evolution.alignment.TaxonSet">
#                </taxonset>
#            </tree>
#        </distribution>
#        <prior id="YuleBirthRatePrior.t:alignment_twin_evidence" name="distribution" x="@birthRate.t:alignment_twin_evidence">
#            <Uniform id="Uniform.100" name="distr" upper="Infinity"/>
#        </prior>
#        <prior id="kappa1Prior.s:alignment_twin_evidence" name="distribution">
#            <parameter id="kappa1.s:alignment_twin_evidence" lower="0.0" name="x" spec="beast.core.parameter.RealParameter">2.0</parameter>
#            <LogNormal id="LogNormalDistributionModel.0" name="distr">
#                <parameter estimate="false" id="RealParameter.0" name="M" spec="beast.core.parameter.RealParameter">1.0</parameter>
#                <parameter estimate="false" id="RealParameter.1" lower="0.0" name="S" spec="beast.core.parameter.RealParameter" upper="Infinity">1.25</parameter>
#            </LogNormal>
#        </prior>
#        <prior id="kappa2Prior.s:alignment_twin_evidence" name="distribution">
#            <parameter id="kappa2.s:alignment_twin_evidence" lower="0.0" name="x" spec="beast.core.parameter.RealParameter">2.0</parameter>
#            <LogNormal id="LogNormalDistributionModel.1" name="distr">
#                <parameter estimate="false" id="RealParameter.2" name="M" spec="beast.core.parameter.RealParameter">1.0</parameter>
#                <parameter estimate="false" id="RealParameter.3" lower="0.0" name="S" spec="beast.core.parameter.RealParameter" upper="Infinity">1.25</parameter>
#            </LogNormal>
#        </prior>
#    </distribution>
#    <distribution id="likelihood" spec="beast.core.util.CompoundDistribution" useThreads="true">
#        <distribution data="@alignment_twin_evidence" id="treeLikelihood.alignment_twin_evidence" spec="beast.evolution.likelihood.ThreadedTreeLikelihood" tree="@Tree.t:alignment_twin_evidence">
#            <siteModel id="SiteModel.s:alignment_twin_evidence" spec="beast.evolution.sitemodel.SiteModel">
#                <parameter estimate="false" id="mutationRate.s:alignment_twin_evidence" name="mutationRate" spec="beast.core.parameter.RealParameter">1.0</parameter>
#                <parameter estimate="false" id="gammaShape.s:alignment_twin_evidence" name="shape" spec="beast.core.parameter.RealParameter">1.0</parameter>
#                <parameter estimate="false" id="proportionInvariant.s:alignment_twin_evidence" lower="0.0" name="proportionInvariant" spec="beast.core.parameter.RealParameter" upper="1.0">0.0</parameter>
#                <substModel id="tn93.s:alignment_twin_evidence" kappa1="@kappa1.s:alignment_twin_evidence" kappa2="@kappa2.s:alignment_twin_evidence" spec="beast.evolution.substitutionmodel.TN93">
#                    <frequencies id="estimatedFreqs.s:alignment_twin_evidence" spec="beast.evolution.substitutionmodel.Frequencies">
#                        <parameter dimension="4" id="freqParameter.s:alignment_twin_evidence" lower="0.0" name="frequencies" spec="beast.core.parameter.RealParameter" upper="1.0">0.25</parameter>
#                    </frequencies>
#                </substModel>
#            </siteModel>
#            <branchRateModel id="StrictClock.c:alignment_twin_evidence" spec="beast.evolution.branchratemodel.StrictClockModel">
#                <parameter estimate="false" id="clockRate.c:alignment_twin_evidence" name="clock.rate" spec="beast.core.parameter.RealParameter">1.0</parameter>
#            </branchRateModel>
#        </distribution>
#    </distribution>
#</input>
#
Sample	NSlikelihood	posterior	likelihood	prior	treeLikelihood	TreeHeight	kappa1	kappa2	freqParameter.1	freqParameter.2	freqParameter.3	freqParameter.4	YuleModel	birthRate
0	-53800.24606353539	-53737.25870552755	-53800.24606353539	62.98735800784031	-53800.24606353539	0.036452714961131755	1.395991704825753	3.476656564450004	0.24195256469040163	0.25885839153102563	0.25422291599434843	0.24496612778422439	67.01268093351621	80.56579037500887
1	-45447.429934679676	-45396.462894698634	-45447.429934679676	50.96703998104072	-45447.429934679676	0.04893137570248069	1.5091549081301046	3.019904491046186	0.24147917158635757	0.2680422607010155	0.2414655084538918	0.24901305925873518	54.88232988875563	43.95418953121478
2	-43188.38127293535	-43156.40007433328	-43188.38127293535	31.981198602071995	-43188.38127293535	0.14126146461182928	1.6260905248940452	0.7786837385882743	0.23338680738353862	0.2928556870237305	0.23816818254734445	0.23558932304538663	35.08599535207996	18.10708125567664
3	-40794.80472177202	-40761.696798164056	-40794.80472177202	33.10792360796629	-40794.80472177202	0.11399599872373914	1.7982440849115249	1.5573544640956027	0.24782979248610862	0.28745553360516746	0.23417786899731646	0.23053680491140766	36.57580288568762	17.81113723721905
4	-34094.02636870788	-34083.73121906633	-34094.02636870788	10.295149641547226	-34094.02636870788	0.4070432788041029	0.7931669483711159	3.4547582952855547	0.25136217031483654	0.2798710638161502	0.2392511251479403	0.22951564072107314	14.091222912670336	7.12142085421629
5	-28777.811445415322	-28814.527143922816	-28777.811445415322	-36.71569850749596	-28777.811445415322	6.605837195380198	2.131182420425008	5.5841970537724395	0.2570697542204353	0.2781821456021793	0.24093713625666002	0.22381096392072541	-31.77011012383283	0.4986352948210798
6	-27704.30490900527	-27780.370992928	-27704.30490900527	-76.06608392273188	-27704.30490900527	46.25092469572221	2.3648480152068774	3.181272257007731	0.2599850417661438	0.2850481255857568	0.22623113127923306	0.22873570136886637	-71.74980062984646	0.06114804636686369
7	-26725.981879223946	-26741.96662605058	-26725.981879223946	-15.984746826633586	-26725.981879223946	1.6409884011861193	3.3760225302219307	2.142180038273939	0.2748895963157658	0.2850481255857568	0.22057892135059168	0.21948335674788572	-11.688880889931532	1.3626266743571473
8	-26395.609863194608	-26424.05830964675	-26395.609863194608	-28.448446452142655	-26395.609863194608	3.354156163213307	0.3476553285547529	0.8383476250695949	0.27888041799307267	0.2902744470129817	0.23415290216093798	0.1966922328330076	-25.600954343196037	0.883431671475705
9	-26005.499575780577	-26025.986118569457	-26005.499575780577	-20.486542788881167	-26005.499575780577	1.6010216844210727	0.6009872779313432	1.4712239920231869	0.2833437202027027	0.28772350988841117	0.23415290216093798	0.19477986774794814	-17.476022693548188	1.070882680149332
10	-25194.787712942678	-25202.058857398813	-25194.787712942678	-7.2711444561347935	-25194.787712942678	0.9570578943997146	0.6234632803199697	1.5095951342678713	0.29392383785043913	0.2727509334223237	0.23003748661711404	0.20328774211012307	-4.243097064547591	2.4543125712819545
11	-24524.352688491683	-24539.085185612363	-24524.352688491683	-14.732497120678936	-24524.352688491683	1.574737696002413	1.1888460946670873	0.6168357250000738	0.2835300563742206	0.28677474486529897	0.22245236888591352	0.20724282987456688	-11.835718868260813	0.9557436591723133
12	-24438.295467859134	-24454.303767452697	-24438.295467859134	-16.008299593562093	-24438.295467859134	1.9582671875548356	0.9754748119834412	1.1396774121351514	0.27437811107614873	0.2959266901633708	0.22245236888591352	0.20724282987456688	-13.04033878592329	1.5884550732039948
13	-24357.39061636474	-24367.077704604668	-24357.39061636474	-9.687088239926487	-24357.39061636474	1.3081306245273285	3.154126420979511	2.2156537419525093	0.27033800104737443	0.31968262728789654	0.21012707083737106	0.19985230082735794	-5.438211891854786	2.8066082809699373
14	-24287.160236125652	-24295.768337210968	-24287.160236125652	-8.608101085314381	-24287.160236125652	1.0311656464217773	2.896368022330862	1.781832322288389	0.27110040028916593	0.3184984942934521	0.2155342588788581	0.19486684653852382	-4.6244649980149175	2.294961973120094
15	-24157.181521468432	-24174.985447403178	-24157.181521468432	-17.803925934745706	-24157.181521468432	1.2156803212064722	2.5797666102180163	1.5225421606670306	0.2733187562324608	0.3100654748135305	0.23051981317951592	0.1860959557744928	-14.043299625141454	1.3596366294365518
16	-24013.536220644146	-24034.46879812682	-24013.536220644146	-20.93257748267433	-24013.536220644146	2.3778788562227016	2.29696547863963	1.6843625370266937	0.2807671575053638	0.3253371185907387	0.22658247901437578	0.1673132448895218	-17.213058831569064	1.1426764806500989
17	-23938.408651583868	-23945.71321820823	-23938.408651583868	-7.304566624363396	-23938.408651583868	1.1839156776891646	2.0170064774358862	1.3127359407375336	0.2878186019697596	0.3266620445110419	0.20109729561136022	0.18442205790783833	-3.848641646355351	2.3833485484512633
18	-23328.099372603014	-23349.372740852283	-23328.099372603014	-21.273368249267484	-23328.099372603014	2.7049691149852384	1.1973869613489476	0.8142750441393884	0.2915906403708698	0.29837305051285945	0.21515713833222244	0.1948791707840484	-18.334425274169114	1.243310045481605
19	-23112.745479807974	-23121.90120564137	-23112.745479807974	-9.155725833396646	-23112.745479807974	1.02082988657505	1.2957131478900772	0.6997708399803303	0.28461874211128035	0.31290483845297584	0.2085907768675522	0.19388564256819174	-6.2045601788003495	1.720541374544614
20	-23073.405528726762	-23081.402862007144	-23073.405528726762	-7.997333280383197	-23073.405528726762	1.1923223447933993	1.2353926455418518	0.8105877164556805	0.2778962433779378	0.31868317182268785	0.20713782790226154	0.196282756897113	-5.044256880178331	2.9113278030700838
21	-22969.392037833626	-22978.24581331579	-22969.392037833626	-8.853775482161385	-22969.392037833626	1.0710737290629062	1.1560915040427655	2.226367339590408	0.2759884960951901	0.33673669655939426	0.19779507693049458	0.1894797304149212	-5.377539187255467	2.7458727504868876
22	-22815.574234553722	-22822.192212416227	-22815.574234553722	-6.617977862505963	-22815.574234553722	1.2377580020535186	1.0426922886302192	1.5503476938428276	0.2706658632841219	0.32728713449753744	0.19756413387476968	0.2044828683435711	-3.458827204234212	3.1060728151643797
23	-22813.516382168673	-22825.632100629628	-22813.516382168673	-12.115718460955005	-22813.516382168673	1.1706550482855012	0.4773952880915078	2.2286078648771865	0.29129817452530726	0.32610057808498716	0.1850614264607414	0.19753982092896433	-8.788787704393329	1.244131292810983
24	-22668.490614946804	-22682.762192758673	-22668.490614946804	-14.2715778118707	-22668.490614946804	1.9020409676993544	0.6541827798053532	1.8541581523979007	0.29129817452530726	0.32991883007660644	0.1850614264607414	0.19372156893734507	-11.09829222538999	1.5044900595726705
25	-22611.438227127568	-22619.26261019381	-22611.438227127568	-7.824383066242463	-22611.438227127568	0.9399810013907087	2.443785384918817	1.8221852692287979	0.2948616025437479	0.34635713293687903	0.17861439183673977	0.18016687268263354	-3.9918172988158482	1.9238498188034183
26	-22598.82698197519	-22615.968440367127	-22598.82698197519	-17.141458391937643	-22598.82698197519	1.9442694144310404	1.1112752582670804	2.3475887247720775	0.29275078138391647	0.33968375210958096	0.1922465404839634	0.17531892602253937	-13.635481937564062	1.5949676102639478
27	-22042.62433207366	-22042.218299666183	-22042.62433207366	0.4060324074779009	-22042.62433207366	0.5454107723160349	1.7025503878244763	1.3052122439473806	0.2818291072954502	0.33515479073790966	0.19769740244099954	0.18531869952564084	3.7309693251603995	2.6807082164184237
28	-22018.641528006778	-22024.953874954772	-22018.641528006778	-6.312346947993638	-22018.641528006778	0.8531548577476564	1.034867207547363	2.4483699967241717	0.28019999898192527	0.3340684157555058	0.2097193838356545	0.17601220142691468	-2.7965464090003507	2.4048760241360863
29	-21998.003286870735	-21999.472020301862	-21998.003286870735	-1.4687334311278384	-21998.003286870735	0.7097775027183124	0.8573848864808196	1.0999225251368514	0.2852017605517715	0.3272548277936206	0.2097193838356545	0.17782402781895368	1.4448031848305707	3.243743208194142
30	-21952.57278276114	-21960.55802169793	-21952.57278276114	-7.98523893678972	-21952.57278276114	1.1050650501255408	0.8221274310785495	0.9521298897489628	0.27259345518009603	0.33754652544900055	0.19693005825514415	0.19292996111575952	-5.136198137377074	1.8809728031029593
31	-21525.475067311185	-21534.549301426883	-21525.475067311185	-9.074234115697775	-21525.475067311185	1.0452007599208202	0.9575839252156818	0.48815892802965116	0.2742531864099487	0.32898422988742687	0.19916203156100956	0.19760055214161512	-6.258672126348866	2.8342519758627907
32	-21445.040259121888	-21444.92236595667	-21445.040259121888	0.11789316521902005	-21445.040259121888	0.5217107013668235	0.645061624209792	0.7885864103041492	0.2778608643164162	0.3008281617274955	0.19800622620443575	0.2233047477516528	2.878282080546044	3.5473885264160936
33	-21438.03179057095	-21443.17853904728	-21438.03179057095	-5.146748476330162	-21438.03179057095	0.9300002084079959	2.2263975749460188	0.8518000826432962	0.287666677030616	0.3126261900251172	0.18975305569928244	0.20995407724498452	-1.7789605477365553	2.103823269464162
34	-21304.425269183215	-21317.646994055664	-21304.425269183215	-13.22172487244695	-21304.425269183215	1.6554566470350116	1.190205578773778	0.8518000826432962	0.2862307276273239	0.31013288971967673	0.18544404703634923	0.2181923356166503	-10.274684834650532	1.3684104942006257
35	-21299.234530383645	-21308.60375995497	-21299.234530383645	-9.369229571327223	-21299.234530383645	1.0303741204282895	1.6472520596539577	1.8842651605078975	0.27762847920417805	0.31013288971967673	0.18898950714990898	0.2232491239262364	-5.829159242756435	3.0304500003757577
36	-21230.24040370686	-21237.452940658994	-21230.24040370686	-7.212536952134945	-21230.24040370686	0.904940201337818	1.215647737785547	2.07262748541577	0.28237014045004516	0.2979192200470338	0.1963399162568108	0.2233707232461104	-3.7735204750166997	2.068570582047404
37	-21122.94862445865	-21131.470603526144	-21122.94862445865	-8.521979067491229	-21122.94862445865	1.0815614983167314	0.9045458546486079	1.4683410617882013	0.28462387162627895	0.2985537844430646	0.18473667016169237	0.23208567376896436	-5.445203626306016	1.6594307863735236
38	-21090.459146430097	-21102.108387885102	-21090.459146430097	-11.649241455005763	-21090.459146430097	1.286012244094486	1.4452931695174793	1.2526249817937765	0.2882002722798134	0.30587702120863836	0.1673098667957153	0.23861283971583322	-8.451754010088948	1.8549307955023522
39	-21063.20313767569	-21072.009256648245	-21063.20313767569	-8.806118972556632	-21063.20313767569	1.380181963498748	0.7848877233537884	1.245923602192053	0.28701589564669067	0.3159973271740154	0.16574811243967516	0.23123866473961904	-5.855751868796936	3.2304123178094564
40	-21040.423455302956	-21046.39609838062	-21040.423455302956	-5.972643077663308	-21040.423455302956	1.0770469722091893	0.3603209101099635	0.4962882506502641	0.27936713121616497	0.3159973271740154	0.17590209031105772	0.22873345129876219	-3.177675357846979	2.7186543040616127
41	-20994.55186581646	-21001.051585029065	-20994.55186581646	-6.49971921260545	-20994.55186581646	1.3385465164915473	0.4828196280578307	0.5040328938705425	0.27804671845359347	0.30954591421722666	0.19479939229723756	0.21760797503194257	-3.764467360165648	1.844181050624608
42	-20909.68921625587	-20912.865646543545	-20909.68921625587	-3.1764302876765207	-20909.68921625587	0.8369784442360129	0.6369425937895563	0.6917729412763444	0.26412785525424487	0.3195250170947997	0.19599505451529642	0.22035207313565933	-0.43874937131104463	3.2565805833214534
43	-20796.546904442657	-20808.06911279339	-20796.546904442657	-11.522208350731551	-20796.546904442657	1.4278339726575147	0.3606321839128951	0.897065607842517	0.26162710956638596	0.31787389155716367	0.19780180561039543	0.2226971932660552	-8.667675984604578	1.393057444861792
44	-20791.075456063907	-20804.86887608838	-20791.075456063907	-13.793420024475106	-20791.075456063907	1.3561054257203218	0.852571270863716	0.36312959656982907	0.25537325016591805	0.3213095324125444	0.18226569903135573	0.24105151839018207	-10.954841800537459	3.1949092124614933
45	-20785.736026132046	-20794.271959807123	-20785.736026132046	-8.53593367507561	-20785.736026132046	1.454935687378406	1.359281563238073	0.252684454636129	0.2557155956619037	0.3236181469169966	0.18070065597522694	0.239965601445873	-5.3607948568024515	2.430530323949995
46	-20778.981743325894	-20789.93637977684	-20778.981743325894	-10.954636450945006	-20778.981743325894	1.2923246721075459	0.7652749563300322	0.10488646897259586	0.26474259851083104	0.3128389162179108	0.183427253846258	0.2389912314250004	-7.288603561605736	1.680287271969304
47	-20635.921494237187	-20641.639005439836	-20635.921494237187	-5.717511202650311	-20635.921494237187	0.7981964580164502	0.5297742366595686	0.3058464932168553	0.2726705653803858	0.30523231949784274	0.18535002635914347	0.23674708876262823	-2.8702795400583607	2.212940133509461
48	-20407.76568602572	-20416.131965197506	-20407.76568602572	-8.36627917178693	-20407.76568602572	1.019404928202662	1.095810196072505	1.0207692985456724	0.2754757908200713	0.3064345346640533	0.1875568047466897	0.23053286976918597	-5.398962812613851	1.4015957964709482
49	-20311.939742759678	-20316.36214816817	-20311.939742759678	-4.422405408492924	-20311.939742759678	0.8389843807957937	1.557239324466715	0.7624301152450879	0.2681577282019036	0.3054718084221548	0.19904521938789016	0.22732524398805165	-1.3501209814755253	2.8538143579908954
50	-20302.67306784118	-20309.027762902602	-20302.67306784118	-6.3546950614233815	-20302.67306784118	0.8962934590405239	2.3061860233920624	1.756430202866591	0.26897495321001075	0.3021611233665686	0.2003168286300272	0.2285470947933937	-2.601972248116481	2.76749253544324
51	-20195.190383792215	-20197.173665330924	-20195.190383792215	-1.983281538707531	-20195.190383792215	0.7130427335468876	2.3061860233920624	0.8838507338486646	0.2635768828786743	0.3100924815083433	0.18804493847487858	0.23828569713810405	1.4255569587645054	2.6271671613550645
52	-20057.781874935306	-20064.610290406163	-20057.781874935306	-6.828415470855489	-20057.781874935306	1.086432495629893	1.6156458443472406	1.1802343079205704	0.2720090869733108	0.3126579085169704	0.19582733034065655	0.2195056741690625	-3.589456105461383	2.246106740228936
53	-20032.699308302297	-20035.384395855097	-20032.699308302297	-2.6850875527982385	-20032.699308302297	0.8432588054103274	2.1365404326781894	0.9256819202879802	0.2635306594126632	0.3033851406439914	0.18631966302338293	0.2467645369199627	0.6709289742143971	3.4866881590575183
54	-20020.874907770398	-20026.771143998856	-20020.874907770398	-5.896236228459655	-20020.874907770398	1.0585392237030855	1.3743024253751683	1.2358523983704515	0.2635306594126632	0.3011696935610125	0.17170505261528513	0.2635945944110395	-2.734679055780333	2.283598976495512
55	-19943.623955670926	-19951.0979737483	-19943.623955670926	-7.474018077371794	-19943.623955670926	1.2921696681576489	1.2958016784998587	0.6226368746937906	0.26600847548954837	0.3053993086844661	0.17182358274303983	0.25676863308294595	-4.533811738743289	2.6468927558094673
56	-19908.1996786246	-19911.57886234674	-19908.1996786246	-3.3791837221406125	-19908.1996786246	0.8566478010153578	0.8018142921686608	0.6963855025359372	0.2661887338947837	0.29430586947721904	0.170508595234778	0.26899680139321946	-0.6072907268970464	3.463110043459848
57	-19884.317925254683	-19887.20756798055	-19884.317925254683	-2.889642725864429	-19884.317925254683	0.8432225050737604	0.6934787901734424	1.2196397713985796	0.2575748709481401	0.30550491293866205	0.19239235961148832	0.24452785650170974	0.029718783326579512	2.308866688814469
58	-19862.22959959536	-19868.060968694717	-19862.22959959536	-5.831369099357045	-19862.22959959536	0.8329216892992005	1.0364401259601361	0.8912858019248727	0.25091627722453913	0.3113915054431984	0.18689425786063552	0.2507979594716272	-2.9311037253960825	1.6920682018602407
59	-19803.632759051103	-19811.734990449022	-19803.632759051103	-8.102231397918118	-19803.632759051103	0.9783760866899706	1.7281104089437658	1.014798649472654	0.23985723172985365	0.3020393248009543	0.197953303355321	0.2601501401138713	-4.880022531777755	2.9663809206521132
60	-19782.670233544013	-19788.140407299208	-19782.670233544013	-5.47017375519666	-19782.670233544013	0.9159533195952347	1.079585417491804	1.096133200036066	0.23363714900460664	0.3019133194470051	0.21557865602577733	0.24887087552261117	-2.480825344775427	1.5346599086116013
61	-19717.083425723657	-19723.310818616894	-19717.083425723657	-6.227392893238426	-19717.083425723657	0.9733650129532323	1.3721393640867754	1.164092186201612	0.23363714900460664	0.3090234724551741	0.21557865602577733	0.2417607225144422	-3.0952195617353913	3.12773341790554
62	-19713.34070387289	-19721.21223583449	-19713.34070387289	-7.871531961597567	-19713.34070387289	0.9942722517501509	1.310809769926364	1.1321038588208119	0.2211864007370166	0.3129445808113687	0.21756971575130185	0.24829930270031308	-4.776901484196213	1.562986227236699
63	-19703.14749721833	-19709.630675934328	-19703.14749721833	-6.483178715996566	-19703.14749721833	1.0112508027795999	1.1072199442667237	1.2406688691250745	0.2189793823375672	0.3012935645465023	0.23873179905196534	0.24099525406396546	-3.4265121694630145	3.505613401803787
64	-19680.93119991249	-19685.669419176	-19680.93119991249	-4.7382192635091585	-19680.93119991249	0.957647133638464	2.188954787571003	0.7579438898047529	0.23747700341357234	0.3105788981677663	0.22005506006569672	0.23188903835296493	-1.410814676540788	2.95006571264516
65	-19680.80939242467	-19683.828365531044	-19680.80939242467	-3.0189731063732594	-19680.80939242467	0.885750014521092	1.8803196926117827	0.9044579635112519	0.23747700341357234	0.304291738671556	0.21810873595928815	0.2401225219555838	0.2271760176177633	2.9723259133776114
66	-19672.258817598973	-19680.37175418156	-19672.258817598973	-8.112936582588265	-19672.258817598973	1.1744240813626536	2.3452422184087736	1.318235779070885	0.2370461768649452	0.3062844392176996	0.22615900593722726	0.23051037798012824	-4.525516926620909	2.0812564147629917
67	-19658.247236352538	-19665.538857022766	-19658.247236352538	-7.291620670228682	-19658.247236352538	1.056543396060649	1.1285054515680606	1.318235779070885	0.23089373477333655	0.3160059100737901	0.21040387811974065	0.24269647703313302	-4.195363394357267	1.8425824108868472
68	-19559.107383112252	-19563.115174885726	-19559.107383112252	-4.007791773474904	-19559.107383112252	1.0687113748777726	1.2504500088583184	1.1561241753113654	0.24173363891279637	0.31975288803439134	0.19961429357333293	0.23889917947947967	-0.9282199882238862	3.112861810732108
69	-19542.62161737436	-19550.517827667005	-19542.62161737436	-7.896210292643751	-19542.62161737436	1.018974745831796	1.4846150798543571	1.6135723727101299	0.2380949445359968	0.3190789361205524	0.20808826308282807	0.23473785626062305	-4.534327805948482	3.3594060457846426
70	-19531.549498585882	-19534.934541571358	-19531.549498585882	-3.385042985475236	-19531.549498585882	0.8559253912377098	1.1141588298017437	1.139852235938729	0.24009253046234555	0.32302614568935134	0.20808826308282807	0.22879306076547534	-0.3656170127174083	2.347982848499367
71	-19514.230299016606	-19520.626048632115	-19514.230299016606	-6.395749615510229	-19514.230299016606	1.3524375701534894	1.0038293203124096	1.1422587697727433	0.24424464907024618	0.3215162240963232	0.21556132695223157	0.2186777998811994	-3.4166609513068673	2.37968858127516
72	-19509.764713329056	-19516.943636863125	-19509.764713329056	-7.178923534068581	-19509.764713329056	0.8833999042019668	1.080650930449591	0.8446220329802521	0.2497546468035144	0.3238352903634338	0.20980561338278395	0.21660444945026822	-4.276578064529974	4.6321569211813065
73	-19500.593570301146	-19507.03849842988	-19500.593570301146	-6.444928128733477	-19500.593570301146	1.1191841277044627	1.010884735455415	0.8446220329802521	0.24621753337663357	0.3273724037903146	0.2105094544552773	0.21590060837777486	-3.568495863456451	2.564332726620545
74	-19491.5345021346	-19496.48136311923	-19491.5345021346	-4.946860984630658	-19491.5345021346	0.9458263789519644	0.9670418703122898	0.8146604434229873	0.25991807944601153	0.319977771182377	0.20613264107411983	0.21397150829749198	-2.0947505742352543	3.5250343551123775
75	-19474.867304409498	-19478.012932733163	-19474.867304409498	-3.145628323666976	-19474.867304409498	0.7585941821527026	0.9670418703122898	0.940869623739739	0.26147703131772043	0.3184188193106681	0.20613264107411983	0.21397150829749198	-0.25392305596187814	4.4803075541472985
76	-19469.63165312576	-19475.887454440297	-19469.63165312576	-6.25580131453701	-19469.63165312576	1.1310485974240965	1.1829841618562833	0.6695428360826657	0.2570823004364263	0.310488473398719	0.19924925019869075	0.23317997596616433	-3.3550268953929567	1.6872066909427659
77	-19457.914085090128	-19462.211856711914	-19457.914085090128	-4.297771621787975	-19457.914085090128	1.0138556012572748	1.1651122514084804	0.6581820106415497	0.2608751113066723	0.31138899971730355	0.19924925019869075	0.2284866387773338	-1.4057137766468961	2.002135551853149
78	-19402.455771593777	-19404.737264654304	-19402.455771593777	-2.281493060526916	-19402.455771593777	0.7915181684588923	1.142033681968996	1.0669213721320294	0.2619371128610935	0.3091310615796709	0.20186388466546193	0.2270679408937741	0.7207898674502129	2.979897765479101
79	-19379.25361137009	-19384.417542819814	-19379.25361137009	-5.16393144972192	-19379.25361137009	1.084727779111409	1.142033681968996	1.1337272314256777	0.25471936396124223	0.3166896098893892	0.19441597144899542	0.23417505470037359	-2.1360863279537825	2.30309517905622
80	-19360.85844333535	-19367.59944099387	-19360.85844333535	-6.740997658517575	-19360.85844333535	1.1359892837852859	1.397783679940045	1.2076699544894363	0.2649414467699825	0.3174575313124291	0.18159477486379272	0.2360062470537961	-3.5810628564739555	2.536036784001761
81	-19355.4434793967	-19358.809008368615	-19355.4434793967	-3.365528971913292	-19355.4434793967	0.8359402211541974	1.1137672936585263	0.8442640199344613	0.26988575821771915	0.31251321986469244	0.18159477486379272	0.2360062470537961	-0.4506338334582529	1.9804373067727727
82	-19340.440718476722	-19347.405314054467	-19340.440718476722	-6.9645955777465485	-19340.440718476722	1.2178751010751199	1.2294528311604012	0.8556727867563584	0.26606331123299337	0.30316149314114677	0.18625376244341652	0.24452143318244376	-4.000749755052176	2.2210863100938365
83	-19336.860316411115	-19341.84086358496	-19336.860316411115	-4.980547173842329	-19336.860316411115	1.058064441247853	1.2971460876210463	1.2722340075111234	0.2582347968931337	0.28782917044021367	0.20957635907300703	0.244359673593646	-1.8358334003722527	2.1015985508047748
84	-19321.81317135579	-19327.18355102741	-19321.81317135579	-5.370379671622218	-19321.81317135579	0.9362073297966691	1.1612028082039354	1.122796085644413	0.2642112222472866	0.28270824927995136	0.21477699884662654	0.23830352962613596	-2.339274632771514	1.8569745335704433
85	-19294.870947639836	-19299.79450791181	-19294.870947639836	-4.923560271974522	-19294.870947639836	0.96940461930914	1.1612028082039354	1.122796085644413	0.27199085310875987	0.28480625362126333	0.2297977820249361	0.21340511124504116	-1.892455233123818	2.347954249591491
86	-19288.27082001042	-19294.013502455873	-19288.27082001042	-5.7426824454534655	-19288.27082001042	1.1647737440218902	1.0090734920519413	1.0267598350416696	0.2619183207420337	0.2815114820737081	0.23836202692985087	0.21820817025440786	-2.8055103791355664	1.9663734120303695
87	-19287.205805682843	-19292.614832532672	-19287.205805682843	-5.409026849828702	-19287.205805682843	0.9996908268355235	0.8358085167747831	0.7961848370001011	0.2521653295796535	0.2852870011857925	0.2481150180922311	0.21443265114232346	-2.6045656622891573	1.9223306888133567
88	-19264.453961628955	-19271.176446916128	-19264.453961628955	-6.7224852871714385	-19264.453961628955	1.0452305831651192	1.401544621255745	0.9650465948441419	0.2586337986915213	0.27608450945246965	0.2268822362694058	0.23839945558660375	-3.6527312844188256	1.5536667468149241
89	-19258.228343977542	-19264.290560358964	-19258.228343977542	-6.0622163814222	-19258.228343977542	1.0987686417373257	1.0919210528949594	1.0372259205935777	0.2552221633782228	0.2718885627415298	0.23546361272419505	0.23742566115605282	-3.0903343032222645	2.918267297983672
90	-19238.959751815542	-19244.085129991534	-19238.959751815542	-5.12537817599229	-19238.959751815542	0.9143162812684341	1.1678692893521867	0.9942146061377412	0.24855001650307404	0.2611761651590081	0.23090819906686155	0.2593656192710567	-2.139720912735336	1.819932853791624
91	-19237.787745683443	-19243.089739727406	-19237.787745683443	-5.301994043961308	-19237.787745683443	1.0108402518126243	1.390917472511872	0.9942146061377412	0.24794400143775763	0.2709263982442295	0.2305916799439894	0.2505379203740239	-2.2262806936294113	3.0315385142793043
92	-19237.384974237648	-19242.14518162447	-19237.384974237648	-4.760207386823339	-19237.384974237648	0.9719181064098562	1.3453791616044093	1.1931070620194404	0.25282794049128815	0.27175384972080585	0.22749880477798415	0.24791940500992224	-1.6275370818399932	2.566157091317511
93	-19225.418502452387	-19229.121649100925	-19225.418502452387	-3.7031466485393785	-19225.418502452387	0.9519455704251162	0.9226606499014057	0.7970711594253779	0.24667288453831204	0.2630027522178384	0.23630084460334463	0.25402351864050526	-0.8710770735297171	2.642602305263342
94	-19224.729902723724	-19231.122657714775	-19224.729902723724	-6.392754991052348	-19224.729902723724	1.0509723005957714	1.288423032457356	0.9532745210751167	0.25385043264910023	0.2601843947932041	0.229555602131349	0.256409570426347	-3.3733032905777605	2.292866763454882
95	-19210.675797888278	-19215.903154804237	-19210.675797888278	-5.227356915958454	-19210.675797888278	0.994038889214081	1.288423032457356	0.9353867748998237	0.23651221740760192	0.26910703255778257	0.229555602131349	0.26482514790326683	-2.214029669966415	2.2825563339744925
96	-19204.302222824008	-19209.440325901152	-19204.302222824008	-5.138103077145397	-19204.302222824008	0.9637079930883073	1.03273197503718	0.9152575661884397	0.24785921839331712	0.24823532446210458	0.25097880593970234	0.2529266512048763	-2.2313809654423498	3.069620357570888
97	-19203.78375207177	-19208.651317534874	-19203.78375207177	-4.867565463102604	-19203.78375207177	1.010779978492145	1.03273197503718	0.9152575661884397	0.24785921839331712	0.2486310974756752	0.25097880593970234	0.25253087819130565	-1.9608433513995571	2.6130620587145956
98	-19195.930096347194	-19200.946653608	-19195.930096347194	-5.016557260805259	-19195.930096347194	1.0015951546735742	1.1599909475853258	0.91228868224078	0.2534516991176141	0.25397249874858635	0.24765533020816594	0.24492047192563388	-2.0622672433682543	2.7509727518818288
99	-19190.3485047868	-19195.12367370565	-19190.3485047868	-4.775168918847578	-19190.3485047868	0.9912726882505886	1.1599909475853258	1.1497570937769095	0.2593687903370253	0.2516177263676586	0.2453488306495413	0.24366465264577508	-1.734057921183417	2.3546971135493324
100	-19189.210045434644	-19194.41088526727	-19189.210045434644	-5.200839832625376	-19189.210045434644	1.115368212007255	1.1599909475853258	1.0859078216091702	0.25007756641996765	0.2636099006001699	0.24972339310692745	0.23658913987293528	-2.1843554260307347	2.2900915249045055
101	-19187.004911573327	-19192.151645928145	-19187.004911573327	-5.1467343548172515	-19187.004911573327	1.0647158858478296	0.9915670159984008	1.0664361443652848	0.2535276804589983	0.2552925449424169	0.25879067238828957	0.23238910221029555	-2.201115966914741	2.8134239527774954
102	-19185.707231317043	-19191.625327947833	-19185.707231317043	-5.9180966307908545	-19185.707231317043	1.0420962606340143	0.9597672606460211	1.0650968600058308	0.2535343271013407	0.25783412659445887	0.2536065927193414	0.2350249535848593	-2.9841996550637364	3.2609871987922587
103	-19181.780983091005	-19188.566307342437	-19181.780983091005	-6.785324251432171	-19181.780983091005	1.0320185214385504	1.0921394554225177	1.1664094002014982	0.25980172903425813	0.25156672466154145	0.2536065927193414	0.2350249535848593	-3.763947217254783	3.4992045683126864
104	-19179.2558608723	-19185.131231528907	-19179.2558608723	-5.875370656607185	-19179.2558608723	1.0324898258196955	1.0921394554225177	1.1664094002014982	0.2592332701820013	0.2597796426131158	0.24590349889313518	0.235083588311748	-2.853993622429797	2.876972537106196
105	-19179.075467402854	-19185.134907008807	-19179.075467402854	-6.059439605954646	-19179.075467402854	0.989781847759804	1.0921394554225177	1.1009970768059871	0.2592332701820013	0.2570150026351418	0.2513254892503328	0.23242623793252437	-3.0634594075536308	3.3897999654459
106	-19179.00786191907	-19184.78758679195	-19179.00786191907	-5.779724872877506	-19179.00786191907	1.0328415276303113	1.0921394554225177	1.0598028938180564	0.253485667007532	0.2644869936945672	0.24805443191871715	0.233972907379184	-2.799355505929435	3.1184782248478555
107	-19177.43481647841	-19182.46610554419	-19177.43481647841	-5.031289065779832	-19177.43481647841	0.9895772087988701	1.0921394554225177	1.0598028938180564	0.25734521981738945	0.26062744088470974	0.2492915659102834	0.23273577338761775	-2.050919698831761	2.653151820548677
108	-19177.233764947756	-19182.348888092776	-19177.233764947756	-5.115123145020035	-19177.233764947756	1.0047247839785078	1.1489248875596372	1.0595788733629998	0.25734521981738945	0.26062744088470974	0.24057268241303847	0.24145465688486267	-2.112908613722431	2.6675240690509403
109	-19177.085588843507	-19182.235961614864	-19177.085588843507	-5.150372771358716	-19177.085588843507	1.0440845522449353	1.1489248875596372	1.0595788733629998	0.2501662344504659	0.26378049332862336	0.23741962996912486	0.24863364225178627	-2.148158240061113	2.5093000583761103
110	-19176.215075767155	-19183.895278096006	-19176.215075767155	-7.680202328849792	-19176.215075767155	1.0152987370577296	1.1489248875596372	1.0595788733629998	0.2501662344504659	0.25962515465491204	0.24990045410245493	0.2403081567921675	-4.677987797552189	3.8922183498538554
111	-19175.771588310254	-19181.122096370345	-19175.771588310254	-5.350508060092332	-19175.771588310254	1.0570864588863842	1.1489248875596372	1.0383241634648177	0.25821591371840896	0.25962515465491204	0.24485292187763597	0.2373060097490434	-2.3562075119030013	2.5799173512328504
112	-19175.307802951924	-19180.561007374603	-19175.307802951924	-5.253204422679138	-19175.307802951924	1.0155463417169857	1.1489248875596372	1.0383241634648177	0.25663381253636486	0.2526994879498276	0.24485292187763597	0.24581377763617193	-2.2589038744898073	2.9412830014769575
113	-19175.290495084206	-19180.82080791915	-19175.290495084206	-5.530312834943738	-19175.290495084206	1.0713764141995281	1.0484751092792302	1.1010362468843802	0.25663381253636486	0.2526994879498276	0.25294064030192365	0.23772605921188425	-2.5507751082641077	2.62951373108545
114	-19174.69027174239	-19179.769021784523	-19174.69027174239	-5.078750042130481	-19174.69027174239	1.0231197924984987	1.0484751092792302	1.1010362468843802	0.25663381253636486	0.2526994879498276	0.25294064030192365	0.23772605921188425	-2.0992123154508513	2.5227403614720854
115	-19174.56179453834	-19180.244052175796	-19174.56179453834	-5.682257637456782	-19174.56179453834	1.0097242793632784	1.0484751092792302	1.1010362468843802	0.2537000336200999	0.2622890835115223	0.2473687098884387	0.23664217297993942	-2.7027199107771525	1.882853382477643
116	-19173.41831734156	-19178.92275512421	-19173.41831734156	-5.504437782651604	-19173.41831734156	1.058206881644966	1.0484751092792302	1.1010362468843802	0.2542703697049252	0.2608287077517945	0.24583260686899797	0.2390683156742826	-2.5249000559719748	2.798891653140019
117	-19173.034452357635	-19179.44060304427	-19173.034452357635	-6.406150686633705	-19173.034452357635	1.0123914558124218	1.0484751092792302	1.1010362468843802	0.25911161814467104	0.25470825136491165	0.24935634502129989	0.23682378546911773	-3.426612959954075	3.603972785060171
118	-19172.97922374812	-19178.11865982978	-19172.97922374812	-5.139436081658943	-19172.97922374812	1.0241325793508709	1.0484751092792302	1.1010362468843802	0.2584501296143505	0.25470825136491165	0.24996970217077102	0.23687191684996717	-2.1598983549793127	2.3954650462675557
119	-19172.946889726216	-19177.89678277614	-19172.946889726216	-4.949893049923955	-19172.946889726216	0.9929762539050945	1.0484751092792302	1.064890045130834	0.2584501296143505	0.25417339319689497	0.24996970217077102	0.23740677501798382	-1.9840719091596237	2.0641810335558444
120	-19172.709644235492	-19179.016400110715	-19172.709644235492	-6.306755875224292	-19172.709644235492	1.026355320790472	1.0896832160596683	1.064890045130834	0.2584501296143505	0.25417339319689497	0.24265266376025502	0.24472381342849983	-3.3254132065054445	3.474490099951584
121	-19172.459317611032	-19177.632006022774	-19172.459317611032	-5.172688411741067	-19172.459317611032	1.0492263846520469	1.0896832160596683	1.064890045130834	0.2553833779131516	0.25487863401715877	0.24405572155291827	0.24568226651677166	-2.1913457430222194	2.303266376912191
122	-19172.031799096905	-19177.090972200713	-19172.031799096905	-5.059173103806437	-19172.031799096905	0.9814405776988372	1.0896832160596683	1.064890045130834	0.2553833779131516	0.25487863401715877	0.24405572155291827	0.24568226651677166	-2.0778304350875896	2.830146407959924
123	-19172.031682129284	-19178.91718919424	-19172.031682129284	-6.885507064955919	-19172.031682129284	1.0339730633457855	1.0896832160596683	1.064890045130834	0.25487985443893146	0.25487863401715877	0.24455924502713836	0.24568226651677166	-3.904164396237072	3.5845623198115635
124	-19171.858029006045	-19177.409695367947	-19171.858029006045	-5.5516663619014075	-19171.858029006045	1.0233872442491925	1.0896832160596683	1.064890045130834	0.25487985443893146	0.25487863401715877	0.2452891990188125	0.24495231252509753	-2.5703236931825604	1.990099828790508
125	-19171.806826104657	-19177.472013756687	-19171.806826104657	-5.6651876520296955	-19171.806826104657	1.008925899228095	1.0896832160596683	1.0211283065084993	0.2569478257241712	0.252810662731919	0.24501261539988461	0.2452288961440254	-2.7000768069671905	1.809261009673765
126	-19171.74420889389	-19177.434543563064	-19171.74420889389	-5.690334669173935	-19171.74420889389	1.0685888738342486	1.0896832160596683	1.0211283065084993	0.25276473431676977	0.25543820901371606	0.24656816052548894	0.2452288961440254	-2.7252238241114304	3.0069685826040757
127	-19171.671778726555	-19177.218668059155	-19171.671778726555	-5.546889332600932	-19171.671778726555	1.0578809570428518	1.0896832160596683	1.0211283065084993	0.24774676983515312	0.25543820901371606	0.2515861250071056	0.2452288961440254	-2.5817784875384273	2.066368984207547
128	-19171.472751958452	-19176.720085463247	-19171.472751958452	-5.247333504793946	-19171.472751958452	1.0534804355021097	1.0896832160596683	1.0211283065084993	0.24774676983515312	0.2617744363450769	0.24905056495256886	0.24142822886720128	-2.282222659731441	2.1657805785518356
129	-19171.392229080928	-19176.76439853559	-19171.392229080928	-5.372169454660523	-19171.392229080928	1.0427038255351644	1.0896832160596683	1.0211283065084993	0.25091182662126477	0.2593257390161823	0.24896928558825696	0.2407931487742962	-2.4070586095980184	2.3803690417869348
130	-19171.34888996774	-19177.804905362533	-19171.34888996774	-6.4560153947920895	-19171.34888996774	1.0474628891620756	1.0896832160596683	1.0211283065084993	0.2559908829470078	0.26056993844856335	0.24565213028447533	0.23778704831995381	-3.4909045497295845	1.6198796120561876
131	-19171.160643585372	-19176.72117362791	-19171.160643585372	-5.560530042537879	-19171.160643585372	1.0327700963956095	1.0896832160596683	1.0899739460659041	0.25706093255178686	0.2594998888437843	0.24565213028447533	0.23778704831995381	-2.5696954799990386	2.9179780091567573
132	-19171.03973589811	-19176.641968396525	-19171.03973589811	-5.60223249841386	-19171.03973589811	1.0285020644015455	1.0873905369224757	1.0899739460659041	0.25498069527513684	0.25092622379493157	0.2508959580052088	0.24319712292472304	-2.612270522667099	3.0542402386433807
133	-19171.003234021795	-19175.974080872722	-19171.003234021795	-4.970846850927694	-19171.003234021795	1.0089428751349718	1.0873905369224757	1.0853563141587699	0.2585378339111069	0.2585631036777052	0.24733881936923874	0.23556024304194942	-1.982641561127331	2.196474254650605
134	-19170.97570645281	-19176.002698152304	-19170.97570645281	-5.026991699494025	-19170.97570645281	1.0163487408302543	1.0873905369224757	1.0853563141587699	0.25821769590728727	0.25723905340860076	0.24898300764216283	0.23556024304194942	-2.0387864096936616	2.2514894698699317
135	-19170.872209875724	-19177.491817146347	-19170.872209875724	-6.619607270621182	-19170.872209875724	1.0509970145478433	1.0873905369224757	1.0853563141587699	0.2580988952628002	0.2573578540530878	0.24898300764216283	0.23556024304194942	-3.631401980820818	3.4308001793577367
136	-19170.67682253738	-19175.755333214107	-19170.67682253738	-5.078510676724338	-19170.67682253738	1.0153485754107439	1.0873905369224757	1.0504128585637305	0.2598889401710568	0.2573578540530878	0.24719296273390623	0.23556024304194942	-2.1034591975316848	2.712532277439573
137	-19170.4778725604	-19175.652750217505	-19170.4778725604	-5.174877657104302	-19170.4778725604	1.0478735168844553	1.0873905369224757	1.0504128585637305	0.25926349303971513	0.25798330118442947	0.24719296273390623	0.23556024304194942	-2.199826177911648	2.3657035148598653
138	-19170.18730628136	-19175.9812718072	-19170.18730628136	-5.793965525839328	-19170.18730628136	1.0055718274548888	1.0992890414095506	1.0504128585637305	0.25672100183275803	0.2545733398143183	0.24973545394086333	0.23897020441206065	-2.8143747974729805	3.2790904276681268
139	-19170.06038440937	-19175.225566068955	-19170.06038440937	-5.16518165958537	-19170.06038440937	1.0284339663522084	1.0992890414095506	1.0504128585637305	0.2563124387083875	0.2582994840838672	0.24641787279568492	0.23897020441206065	-2.185590931219023	2.331815458819434
140	-19169.909475647422	-19176.929184570417	-19169.909475647422	-7.01970892299331	-19169.909475647422	1.0379629980774203	1.0992890414095506	1.0504128585637305	0.2563124387083875	0.2550498051793947	0.24641787279568492	0.24221988331653319	-4.040118194626963	3.6008478560392154
141	-19169.83693028104	-19175.812681697902	-19169.83693028104	-5.975751416862806	-19169.83693028104	1.0012718088858268	1.0992890414095506	1.0504128585637305	0.2556771676175145	0.25625265718452905	0.24641787279568492	0.24165230240227176	-2.99616068849646	1.7213956279473828
142	-19169.77095886406	-19175.04684367077	-19169.77095886406	-5.275884806707992	-19169.77095886406	1.0119340470580223	1.0992890414095506	1.0504128585637305	0.2556771676175145	0.25625265718452905	0.24641787279568492	0.24165230240227176	-2.2962940783416457	2.091563028619593
143	-19169.742210161643	-19175.134711059334	-19169.742210161643	-5.3925008976903275	-19169.742210161643	1.0359797839861198	1.0992890414095506	1.0504128585637305	0.2556771676175145	0.25625265718452905	0.24641787279568492	0.24165230240227176	-2.4129101693239807	2.0879739870039815
144	-19169.679868811898	-19180.890556241025	-19169.679868811898	-11.210687429126938	-19169.679868811898	1.0208624506646846	1.0992890414095506	1.0504128585637305	0.2576415604966674	0.25401037658424686	0.24669576051681422	0.24165230240227176	-8.231096700760592	4.970212303218913
145	-19169.619711674375	-19175.647211302323	-19169.619711674375	-6.027499627947703	-19169.619711674375	1.0099021910666401	1.0992890414095506	1.0504128585637305	0.2576415604966674	0.25401037658424686	0.2474036424817567	0.24094442043732928	-3.0479088995813566	3.3776048727719377
146	-19169.608580709293	-19175.351464518804	-19169.608580709293	-5.742883809509788	-19169.608580709293	1.029197461516625	1.083762299197411	1.0504128585637305	0.2576415604966674	0.2557816788911678	0.24563234017483573	0.24094442043732928	-2.7692111661328234	1.8560569085724288
147	-19169.509963742992	-19176.339199319613	-19169.509963742992	-6.829235576621674	-19169.509963742992	1.016095381855449	1.083762299197411	1.0504128585637305	0.2550547737344996	0.2557816788911678	0.24821912693700354	0.24094442043732928	-3.855562933244709	3.638028583288327
148	-19169.45994057031	-19174.699258062494	-19169.45994057031	-5.2393174921841785	-19169.45994057031	1.0255160606512346	1.083762299197411	1.0450351595091278	0.2550547737344996	0.25454887987680863	0.24821912693700354	0.2421772194516885	-2.267645775514202	2.6768243994028493
149	-19169.40996011903	-19174.6795779377	-19169.40996011903	-5.26961781866938	-19169.40996011903	1.023970203640514	1.083762299197411	1.0450351595091278	0.2550547737344996	0.25454887987680863	0.24821912693700354	0.2421772194516885	-2.2979461019994027	2.7268332815948906
150	-19169.390227387816	-19174.494562313448	-19169.390227387816	-5.104334925630884	-19169.390227387816	1.0265392148864654	1.083762299197411	1.0450351595091278	0.2550547737344996	0.25454887987680863	0.24821912693700354	0.2421772194516885	-2.132663208960907	2.481467262624607
151	-19169.316416393445	-19174.325296105824	-19169.316416393445	-5.008879712377274	-19169.316416393445	1.0246227418460356	1.083762299197411	1.0539512876516108	0.25740442588146684	0.25454887987680863	0.24821912693700354	0.2398275673047212	-2.033886932613725	2.3530793628715507
152	-19169.294010456924	-19174.778487077947	-19169.294010456924	-5.4844766210238305	-19169.294010456924	1.0157816268205713	1.095423915843434	1.0539512876516108	0.2595888288697061	0.2544030287638765	0.2466255605237307	0.23938258184268696	-2.5050431777735	1.955764008983062
153	-19169.29272000615	-19174.420196690866	-19169.29272000615	-5.127476684717539	-19169.29272000615	1.0291761398396098	1.095423915843434	1.0539512876516108	0.2566105791854173	0.2544030287638765	0.2466255605237307	0.2423608315269757	-2.148043241467209	2.3403694763500744
154	-19169.29080162744	-19174.85531368213	-19169.29080162744	-5.564512054687674	-19169.29080162744	1.0350517081546335	1.095423915843434	1.0539512876516108	0.2566105791854173	0.2550233503774795	0.2466255605237307	0.2417405099133727	-2.5850786114373436	1.9801374132562808
155	-19169.242363083915	-19174.45668028535	-19169.242363083915	-5.214317201435019	-19169.242363083915	1.035507814638495	1.0820679982860668	1.0539512876516108	0.2566105791854173	0.2550233503774795	0.2466255605237307	0.2417405099133727	-2.2399674304955024	2.3305924028377585
156	-19169.234411865003	-19174.354912633604	-19169.234411865003	-5.120500768600403	-19169.234411865003	1.029901296171746	1.0820679982860668	1.0539512876516108	0.2566105791854173	0.2550233503774795	0.2466255605237307	0.2417405099133727	-2.146150997660886	2.50858458924255
157	-19169.20231022668	-19175.43360745209	-19169.20231022668	-6.231297225411621	-19169.20231022668	1.0346440412643227	1.0820679982860668	1.0539512876516108	0.2566105791854173	0.2550233503774795	0.2466255605237307	0.2417405099133727	-3.2569474544721038	1.685551264350922
158	-19169.195619359765	-19174.410601730764	-19169.195619359765	-5.214982370998276	-19169.195619359765	1.0236900680779073	1.0820679982860668	1.0539512876516108	0.2566105791854173	0.25706175543508714	0.2466255605237307	0.239702104855765	-2.240632600058759	2.712862846547196
159	-19169.191813224912	-19174.45649561992	-19169.191813224912	-5.264682395009976	-19169.191813224912	1.024896976063292	1.0820679982860668	1.0539512876516108	0.2566105791854173	0.25706175543508714	0.2466255605237307	0.239702104855765	-2.2903326240704596	2.7136741605265304
160	-19169.190689911386	-19174.996147716793	-19169.190689911386	-5.805457805408279	-19169.190689911386	1.024896976063292	1.0820679982860668	1.0539512876516108	0.2566105791854173	0.25706175543508714	0.2466255605237307	0.239702104855765	-2.8311080344687625	1.8390983916048995
161	-19169.175771839073	-19174.87940747885	-19169.175771839073	-5.703635639777351	-19169.175771839073	1.0355906833747237	1.0820679982860668	1.0539512876516108	0.2566105791854173	0.2568297636147201	0.2466255605237307	0.23993409667613205	-2.7292858688378345	1.9008545010355133
162	-19169.15601364089	-19174.339341783434	-19169.15601364089	-5.183328142543003	-19169.15601364089	1.0267013825385936	1.0820679982860668	1.0539512876516108	0.2566105791854173	0.2568297636147201	0.2466255605237307	0.23993409667613205	-2.2089783716034854	2.727362024477026
163	-19169.155053941977	-19174.50542083922	-19169.155053941977	-5.350366897243655	-19169.155053941977	1.0228825649614603	1.0820679982860668	1.0505764986652646	0.2566105791854173	0.2568297636147201	0.2466255605237307	0.23993409667613205	-2.3772762728122405	2.0388187277925933
164	-19169.127042369913	-19174.333060613557	-19169.127042369913	-5.206018243642365	-19169.127042369913	1.020394696255513	1.0820679982860668	1.0505764986652646	0.2566105791854173	0.25664436567605825	0.24681095846239257	0.23993409667613205	-2.232927619210951	2.1740285471632297
165	-19169.124241451787	-19174.54857914336	-19169.124241451787	-5.424337691573534	-19169.124241451787	1.019866900958445	1.0820679982860668	1.0505764986652646	0.25691666458374823	0.25664436567605825	0.24650487306406163	0.23993409667613205	-2.45124706714212	3.002388643702867
166	-19169.11051197337	-19174.319588088725	-19169.11051197337	-5.209076115354515	-19169.11051197337	1.019866900958445	1.0820679982860668	1.0505764986652646	0.2566079559790353	0.2565416632029818	0.24650487306406163	0.24034550775392147	-2.235985490923101	2.1351538591176364
167	-19169.08134922244	-19174.744571024927	-19169.08134922244	-5.663221802487525	-19169.08134922244	1.0184347657593837	1.0820679982860668	1.0505764986652646	0.2572451724820315	0.2565416632029818	0.24650487306406163	0.23970829125092524	-2.6901311780561112	1.8751143638071688
168	-19169.078866404732	-19174.462089367367	-19169.078866404732	-5.383222962633983	-19169.078866404732	1.0175519164176035	1.0820679982860668	1.0505764986652646	0.2572451724820315	0.2565416632029818	0.24650487306406163	0.23970829125092524	-2.41013233820257	2.006638816293064
169	-19169.076599249755	-19174.409888766175	-19169.076599249755	-5.333289516420212	-19169.076599249755	1.0266873161932182	1.0820679982860668	1.0505764986652646	0.25674678919399463	0.2565416632029818	0.24700325635209852	0.23970829125092524	-2.360198891988798	2.0904757089403097
170	-19169.073402137084	-19174.68798860902	-19169.073402137084	-5.614586471938031	-19169.073402137084	1.0274855429000975	1.0820679982860668	1.0505764986652646	0.25674678919399463	0.2565416632029818	0.24700325635209852	0.23970829125092524	-2.641495847506617	3.027046172363658
171	-19169.073282671037	-19174.148722551523	-19169.073282671037	-5.075439880485458	-19169.073282671037	1.0228236438586706	1.0820679982860668	1.0505764986652646	0.25674678919399463	0.2565416632029818	0.24700325635209852	0.23970829125092524	-2.102349256054045	2.433562873060852
172	-19169.06262414748	-19174.524543886077	-19169.06262414748	-5.461919738600022	-19169.06262414748	1.0233157032318354	1.0820679982860668	1.0505764986652646	0.25737799519550514	0.25631415823068276	0.24659955532288702	0.23970829125092524	-2.488829114168608	1.9758077124203866
173	-19169.05505747047	-19175.132249580485	-19169.05505747047	-6.0771921100172595	-19169.05505747047	1.0236347064894455	1.0820679982860668	1.0505764986652646	0.25737799519550514	0.25631415823068276	0.24659955532288702	0.23970829125092524	-3.104101485585846	3.300097711919658
174	-19169.04819097757	-19174.495848316474	-19169.04819097757	-5.447657338905168	-19169.04819097757	1.0220315057744187	1.0820679982860668	1.0505764986652646	0.25737799519550514	0.25631415823068276	0.24663538707851637	0.2396724594952959	-2.4745667144737546	1.9756046907537261
175	-19169.045090739713	-19174.19333534697	-19169.045090739713	-5.148244607253623	-19169.045090739713	1.024474399488876	1.0820679982860668	1.0505764986652646	0.25737799519550514	0.25631415823068276	0.24663538707851637	0.2396724594952959	-2.17515398282221	2.2258645047214567
176	-19169.040731485	-19174.522112657363	-19169.040731485	-5.481381172362564	-19169.040731485	1.023558827762467	1.0820679982860668	1.0505764986652646	0.25737799519550514	0.25631415823068276	0.24663538707851637	0.2396724594952959	-2.508290547931151	1.9634567823836
177	-19169.03937894952	-19175.695151816548	-19169.03937894952	-6.655772867027633	-19169.03937894952	1.0241217590400296	1.0820679982860668	1.0505764986652646	0.25737799519550514	0.25631415823068276	0.24663538707851637	0.2396724594952959	-3.682682242596218	3.5626348475646075
178	-19169.03850625679	-19174.241442804952	-19169.03850625679	-5.202936548160751	-19169.03850625679	1.0257508254389898	1.0820372140997487	1.0505764986652646	0.25737799519550514	0.25547975229068304	0.24663538707851637	0.24050686543529562	-2.2298576015287632	2.7070330985933757
179	-19169.036506509827	-19174.263529948697	-19169.036506509827	-5.227023438870987	-19169.036506509827	1.0265950491868936	1.0820372140997487	1.0505764986652646	0.25737799519550514	0.25547975229068304	0.24663538707851637	0.24050686543529562	-2.2539444922389986	2.142412380897508
180	-19169.034391690886	-19174.171495561608	-19169.034391690886	-5.137103870723602	-19169.034391690886	1.0256390569522411	1.0820372140997487	1.0505764986652646	0.2570230889934045	0.25547975229068304	0.24699029328061703	0.24050686543529562	-2.1640249240916147	2.3345061198103445
181	-19169.03282420226	-19174.13902235517	-19169.03282420226	-5.106198152912659	-19169.03282420226	1.0226758983810167	1.0820372140997487	1.0505764986652646	0.2570230889934045	0.25547975229068304	0.24699029328061703	0.24050686543529562	-2.133119206280672	2.293528682392527
182	-19169.03088689583	-19174.961137825343	-19169.03088689583	-5.930250929511983	-19169.03088689583	1.0288222203513273	1.0820372140997487	1.0505764986652646	0.2570230889934045	0.25547975229068304	0.24699029328061703	0.24050686543529562	-2.9571719828799945	3.2238257438404854
183	-19169.029411021223	-19174.437274496173	-19169.029411021223	-5.407863474949272	-19169.029411021223	1.0270301204188381	1.0820372140997487	1.0505764986652646	0.2570230889934045	0.2556129201975197	0.24685712537378035	0.24050686543529562	-2.4347845283172838	2.8935700637328656
184	-19169.024473555382	-19174.792181988527	-19169.024473555382	-5.767708433144136	-19169.024473555382	1.025117483893638	1.0820372140997487	1.0505764986652646	0.2570230889934045	0.2556129201975197	0.24685712537378035	0.24050686543529562	-2.7946294865121484	1.8408479366347452
185	-19169.019148104115	-19178.862327557214	-19169.019148104115	-9.84317945310017	-19169.019148104115	1.025117483893638	1.0820372140997487	1.0505764986652646	0.2570230889934045	0.2556129201975197	0.24685712537378035	0.24050686543529562	-6.870100506468183	4.5907551973003455
186	-19169.018785749893	-19174.11320358156	-19169.018785749893	-5.094417831668207	-19169.018785749893	1.0284574888375833	1.0820372140997487	1.0506638308180645	0.2570230889934045	0.2556129201975197	0.24685712537378035	0.24050686543529562	-2.1213063332287883	2.414450435135538
187	-19169.017437483795	-19174.14203570538	-19169.017437483795	-5.1245982215834776	-19169.017437483795	1.0284574888375833	1.0803063026517514	1.0506638308180645	0.2570230889934045	0.2556129201975197	0.24685712537378035	0.24050686543529562	-2.152143034522228	2.4874389409360793
188	-19169.01480971171	-19174.42623363528	-19169.01480971171	-5.411423923570698	-19169.01480971171	1.0246891183656133	1.0803063026517514	1.0506638308180645	0.2570230889934045	0.2556129201975197	0.24685712537378035	0.24050686543529562	-2.438968736509448	2.0138551984212594
189	-19169.01472689293	-19174.21236926398	-19169.01472689293	-5.1976423710499455	-19169.01472689293	1.0264811369910603	1.0803063026517514	1.0506638308180645	0.2570230889934045	0.2556129201975197	0.24685712537378035	0.24050686543529562	-2.2251871839886954	2.674291013741636
190	-19169.014412946086	-19174.144124411956	-19169.014412946086	-5.129711465870172	-19169.014412946086	1.0249684397758858	1.0803063026517514	1.0506638308180645	0.2570230889934045	0.2556129201975197	0.24685712537378035	0.24050686543529562	-2.157256278808922	2.6032093978156006
191	-19169.013390583794	-19174.14256038879	-19169.013390583794	-5.129169804998884	-19169.013390583794	1.0249684397758858	1.0803063026517514	1.0506638308180645	0.2570230889934045	0.2556129201975197	0.24685712537378035	0.24050686543529562	-2.156714617937634	2.2713379468566557
192	-19169.013333346476	-19174.12663254603	-19169.013333346476	-5.113299199553867	-19169.013333346476	1.024650714564486	1.0803063026517514	1.0506638308180645	0.2570230889934045	0.2556129201975197	0.24685712537378035	0.24050686543529562	-2.1408440124926176	2.5809776773850523
193	-19169.012348663517	-19174.08388687294	-19169.012348663517	-5.071538209424036	-19169.012348663517	1.0233579804128665	1.0803063026517514	1.0342864942384038	0.2570230889934045	0.2556129201975197	0.24716255045918117	0.2402014403498948	-2.1051566977072955	2.473602411800329
194	-19169.00986832144	-19176.83487417285	-19169.00986832144	-7.8250058514117065	-19169.00986832144	1.0233579804128665	1.0803063026517514	1.0342864942384038	0.2570230889934045	0.2561747624222208	0.24653431513254392	0.24026783345183092	-4.858624339694967	3.984445610139233
195	-19169.009350078293	-19174.17080145955	-19169.009350078293	-5.161451381254807	-19169.009350078293	1.0263546885273762	1.0803063026517514	1.0342864942384038	0.2570230889934045	0.2561747624222208	0.24653431513254392	0.24026783345183092	-2.1950698695380675	2.658849740166986
196	-19169.007264985612	-19174.35315553944	-19169.007264985612	-5.345890553828948	-19169.007264985612	1.0263546885273762	1.0803063026517514	1.0342864942384038	0.2570230889934045	0.2561747624222208	0.24653431513254392	0.24026783345183092	-2.3795090421122076	2.8394925810985208
197	-19169.0020067531	-19174.45039251636	-19169.0020067531	-5.4483857632590205	-19169.0020067531	1.0266975819762283	1.0803063026517514	1.0342864942384038	0.2570230889934045	0.2561747624222208	0.24653431513254392	0.24026783345183092	-2.482004251542281	1.9891444821303828
198	-19169.001353654876	-19174.223174294926	-19169.001353654876	-5.221820640050032	-19169.001353654876	1.026290930230913	1.0803063026517514	1.0342864942384038	0.2570230889934045	0.2561747624222208	0.24653431513254392	0.24026783345183092	-2.255439128333292	2.168398236583614
199	-19168.998590516287	-19174.112763474193	-19168.998590516287	-5.114172957907121	-19168.998590516287	1.0268400045451962	1.0803063026517514	1.0342864942384038	0.2570230889934045	0.2561747624222208	0.24653431513254392	0.24026783345183092	-2.1477914461903813	2.522720154291553
200	-19168.998176915913	-19174.763862623295	-19168.998176915913	-5.7656857073826915	-19168.998176915913	1.0268400045451962	1.0803063026517514	1.0342864942384038	0.2570230889934045	0.2561747624222208	0.24653431513254392	0.24026783345183092	-2.7993041956659517	3.140627236046991
201	-19168.99774356243	-19174.11941609423	-19168.99774356243	-5.121672531796225	-19168.99774356243	1.0269115422445336	1.0803063026517514	1.0342864942384038	0.2570230889934045	0.2561747624222208	0.24653431513254392	0.24026783345183092	-2.1552910200794857	2.29989403669757
202	-19168.9975196814	-19178.45403000352	-19168.9975196814	-9.456510322116117	-19168.9975196814	1.028449990768561	1.0803063026517514	1.0342864942384038	0.2570230889934045	0.2561747624222208	0.24653431513254392	0.24026783345183092	-6.490128810399376	4.465687022398504
203	-19168.997516366595	-19175.383758196156	-19168.997516366595	-6.3862418295611185	-19168.997516366595	1.028566532404084	1.0803063026517514	1.0342864942384038	0.2570230889934045	0.2561747624222208	0.24653431513254392	0.24026783345183092	-3.4198603178443783	3.433594845543893
204	-19168.99740377574	-19174.57893779166	-19168.99740377574	-5.5815340159204325	-19168.99740377574	1.0241034031431144	1.0803063026517514	1.0342864942384038	0.2570230889934045	0.2561747624222208	0.24653431513254392	0.24026783345183092	-2.6151525042036923	1.9185817849304476
205	-19168.99700586659	-19174.714901390544	-19168.99700586659	-5.717895523954146	-19168.99700586659	1.0241034031431144	1.0803063026517514	1.0342864942384038	0.2570230889934045	0.2561747624222208	0.24653431513254392	0.24026783345183092	-2.751514012237406	1.858860447358874
206	-19168.996975660426	-19174.226144394648	-19168.996975660426	-5.229168734221499	-19168.996975660426	1.0241034031431144	1.0803063026517514	1.0342864942384038	0.2570230889934045	0.2561747624222208	0.24653431513254392	0.24026783345183092	-2.2627872225047594	2.7385062473280253
207	-19168.996915578362	-19174.60230256834	-19168.996915578362	-5.605386989975816	-19168.996915578362	1.0231325891284515	1.0803063026517514	1.0342864942384038	0.2570230889934045	0.2561747624222208	0.24653431513254392	0.24026783345183092	-2.639005478259076	3.048401503792921
208	-19168.996612249513	-19174.088888875332	-19168.996612249513	-5.092276625819822	-19168.996612249513	1.0231546012941952	1.0803063026517514	1.0342864942384038	0.2570230889934045	0.2561747624222208	0.24653431513254392	0.24026783345183092	-2.125895114103082	2.5393462212450837
