#
#model:
#
#<?xml version="1.0" encoding="UTF-8" standalone="no"?><input id="posterior" spec="beast.core.util.CompoundDistribution">
#    <distribution id="prior" spec="beast.core.util.CompoundDistribution">
#        <distribution id="YuleModel.t:alignment_evidence" spec="beast.evolution.speciation.YuleModel">
#            <parameter id="birthRate.t:alignment_evidence" name="birthDiffRate" spec="beast.core.parameter.RealParameter">1.0</parameter>
#            <tree id="Tree.t:alignment_evidence" spec="beast.evolution.tree.Tree">
#                <taxonset id="TaxonSet.alignment_evidence" spec="beast.evolution.alignment.TaxonSet">
#                </taxonset>
#            </tree>
#        </distribution>
#        <prior id="YuleBirthRatePrior.t:alignment_evidence" name="distribution" x="@birthRate.t:alignment_evidence">
#            <Uniform id="Uniform.100" name="distr" upper="Infinity"/>
#        </prior>
#        <prior id="kappa1Prior.s:alignment_evidence" name="distribution">
#            <parameter id="kappa1.s:alignment_evidence" lower="0.0" name="x" spec="beast.core.parameter.RealParameter">2.0</parameter>
#            <LogNormal id="LogNormalDistributionModel.0" name="distr">
#                <parameter estimate="false" id="RealParameter.0" name="M" spec="beast.core.parameter.RealParameter">1.0</parameter>
#                <parameter estimate="false" id="RealParameter.1" lower="0.0" name="S" spec="beast.core.parameter.RealParameter" upper="Infinity">1.25</parameter>
#            </LogNormal>
#        </prior>
#        <prior id="kappa2Prior.s:alignment_evidence" name="distribution">
#            <parameter id="kappa2.s:alignment_evidence" lower="0.0" name="x" spec="beast.core.parameter.RealParameter">2.0</parameter>
#            <LogNormal id="LogNormalDistributionModel.1" name="distr">
#                <parameter estimate="false" id="RealParameter.2" name="M" spec="beast.core.parameter.RealParameter">1.0</parameter>
#                <parameter estimate="false" id="RealParameter.3" lower="0.0" name="S" spec="beast.core.parameter.RealParameter" upper="Infinity">1.25</parameter>
#            </LogNormal>
#        </prior>
#    </distribution>
#    <distribution id="likelihood" spec="beast.core.util.CompoundDistribution" useThreads="true">
#        <distribution data="@alignment_evidence" id="treeLikelihood.alignment_evidence" spec="beast.evolution.likelihood.ThreadedTreeLikelihood" tree="@Tree.t:alignment_evidence">
#            <siteModel id="SiteModel.s:alignment_evidence" spec="beast.evolution.sitemodel.SiteModel">
#                <parameter estimate="false" id="mutationRate.s:alignment_evidence" name="mutationRate" spec="beast.core.parameter.RealParameter">1.0</parameter>
#                <parameter estimate="false" id="gammaShape.s:alignment_evidence" name="shape" spec="beast.core.parameter.RealParameter">1.0</parameter>
#                <parameter estimate="false" id="proportionInvariant.s:alignment_evidence" lower="0.0" name="proportionInvariant" spec="beast.core.parameter.RealParameter" upper="1.0">0.0</parameter>
#                <substModel id="tn93.s:alignment_evidence" kappa1="@kappa1.s:alignment_evidence" kappa2="@kappa2.s:alignment_evidence" spec="beast.evolution.substitutionmodel.TN93">
#                    <frequencies id="estimatedFreqs.s:alignment_evidence" spec="beast.evolution.substitutionmodel.Frequencies">
#                        <parameter dimension="4" id="freqParameter.s:alignment_evidence" lower="0.0" name="frequencies" spec="beast.core.parameter.RealParameter" upper="1.0">0.25</parameter>
#                    </frequencies>
#                </substModel>
#            </siteModel>
#            <branchRateModel id="StrictClock.c:alignment_evidence" spec="beast.evolution.branchratemodel.StrictClockModel">
#                <parameter estimate="false" id="clockRate.c:alignment_evidence" name="clock.rate" spec="beast.core.parameter.RealParameter">1.0</parameter>
#            </branchRateModel>
#        </distribution>
#    </distribution>
#</input>
#
Sample	NSlikelihood	posterior	likelihood	prior	treeLikelihood	TreeHeight	kappa1	kappa2	freqParameter.1	freqParameter.2	freqParameter.3	freqParameter.4	YuleModel	birthRate
0	-29448.90418760344	-29452.858739400483	-29448.90418760344	-3.954551797043259	-29448.90418760344	0.8838742101903443	4.971951060380353	1.769671917195576	0.25827423760947976	0.2543771192896063	0.23558226451205103	0.2517663785888629	0.6798371059307513	2.3062684388411827
1	-29024.342479201165	-29030.641521900525	-29024.342479201165	-6.299042699359881	-29024.342479201165	1.0083729849364373	1.4177384293139632	0.7084938325831205	0.271397664891738	0.25171629536039375	0.23558226451205103	0.24130377523581725	-3.2962836991716875	1.8596647591679891
2	-27789.806995676074	-27790.80568197585	-27789.806995676074	-0.9986862997760944	-27789.806995676074	0.5736934224369574	2.0383851957399255	2.1756555699493765	0.29363393064096255	0.22446391990421743	0.22993249954005457	0.2519696499147655	2.8173450159161537	3.019954837109053
3	-27787.67770888202	-27814.82537871097	-27787.67770888202	-27.147669828952175	-27787.67770888202	3.3561970778993175	2.4200515962078213	2.7109336163639597	0.2890676766632315	0.23216528594612934	0.24153083005668577	0.23723620733395345	-22.978099761765144	0.852041892333935
4	-27078.92648163443	-27123.505865763636	-27078.92648163443	-44.579384129207156	-27078.92648163443	10.405884672517312	2.820286175589601	1.9423563599655869	0.28252665730602816	0.21977624446012267	0.2541672994765035	0.24352979875734582	-40.55789765608582	0.27970220670559975
5	-26727.376630560746	-26739.441364865314	-26727.376630560746	-12.064734304567184	-26727.376630560746	1.7981340445332117	2.134268622105171	0.617091752711164	0.27023685329182306	0.21333258563847218	0.2628298976398792	0.25360066342982573	-8.782938981865806	2.1413181810562754
6	-26707.51283098406	-26764.572403638	-26707.51283098406	-57.05957265394281	-26707.51283098406	15.89061369633558	6.5050016960910515	0.5126092531630629	0.2775873463610036	0.2135751867798345	0.24766182018829655	0.26117564667086557	-52.43686725714922	0.13373627401118662
7	-26662.125706868526	-26678.71059699906	-26662.125706868526	-16.584890130531708	-26662.125706868526	1.75393640449694	9.678845308968143	0.4628648156165612	0.25379244553535907	0.2192707812297921	0.2498109576906801	0.2771258155441688	-11.282131439807635	1.3794119025303568
8	-26081.843573951865	-26110.065967404375	-26081.843573951865	-28.22239345251116	-26081.843573951865	2.701375964664441	9.678845308968143	0.2923182982353099	0.2546723093832301	0.21759117746972495	0.24283764940975888	0.2848988637372862	-22.790914910526443	0.6750452126658768
9	-25794.071720849697	-25831.394553792034	-25794.071720849697	-37.32283294233603	-25794.071720849697	4.50930253686378	9.092650625754553	0.31608464717385015	0.2520257971523297	0.2288014625235499	0.24474993882390156	0.27442280150021897	-32.03479304481454	0.5547169351478772
10	-25700.8246738357	-25770.986106639688	-25700.8246738357	-70.16143280398687	-25700.8246738357	23.519258333003012	26.136697724276427	0.3039848982156695	0.2520257971523297	0.226543975713623	0.24862597342222367	0.27280425371182376	-62.62959684433958	0.12761914491613496
11	-25545.400371699125	-25604.0273448091	-25545.400371699125	-58.626973109975744	-25545.400371699125	8.290926732881267	38.98918625756854	1.1504611343036815	0.2435582997466475	0.21718186613335497	0.25230070312608505	0.28695913099391257	-50.032992684612964	0.22495694969491198
12	-25109.482237415614	-25171.610102312206	-25109.482237415614	-62.12786489659329	-25109.482237415614	13.205725440963903	36.875494827112476	2.135381577486199	0.24431877323192688	0.22696626520486454	0.25224092539838383	0.27647403616482485	-53.28309065364291	0.17224819998717827
13	-25061.311928349394	-25099.29331979922	-25061.311928349394	-37.98139144982537	-25061.311928349394	4.51254341759646	7.759408511995166	0.6951781898468284	0.23521011997354452	0.24254423784010304	0.24676766606260767	0.2754779761237449	-33.064844652110864	0.5363329621067807
14	-24952.36903555927	-24972.545011558224	-24952.36903555927	-20.175975998955376	-24952.36903555927	1.9707797966999652	6.643286805824224	0.6125204445891331	0.24202879570785046	0.24829682898137795	0.24159435203979457	0.2680800232709772	-15.522250383591507	1.1472384114999328
15	-24897.21117176256	-24906.817136500787	-24897.21117176256	-9.605964738229142	-24897.21117176256	0.9354427169041849	4.972508929618713	0.35931240780759444	0.22615705162518351	0.26772966901572287	0.24833270936066237	0.25778056999843146	-5.314388770268819	1.93853649483205
16	-23866.50624088479	-23885.766383853825	-23866.50624088479	-19.26014296903264	-23866.50624088479	2.194933755970415	5.926045438882179	0.5409365092574412	0.2198589454882425	0.26539243687809416	0.2554233201602383	0.2593252974734253	-14.782640749488628	1.257286830411263
17	-22852.03860871072	-22869.419992494062	-22852.03860871072	-17.381383783341036	-22852.03860871072	1.7168302816615233	2.0503456334900134	0.6296407932588696	0.21231780965185343	0.2924062513590346	0.23837746342720648	0.2568984755619058	-14.131821833261071	0.9981843593604777
18	-22832.78384701135	-22844.826579012843	-22832.78384701135	-12.042732001494361	-22832.78384701135	1.4371139084166207	2.326822238672149	0.5252619365888673	0.2171506127751793	0.28105155216441446	0.23837746342720648	0.2634203716332001	-8.685458878336432	1.554255227810603
19	-22623.59677518649	-22626.74383288685	-22623.59677518649	-3.1470577003604516	-22623.59677518649	0.7108928284724391	0.6942219565450671	1.012810671048915	0.22160662750593826	0.2841493078727024	0.23082369298815958	0.2634203716332001	-0.30702252093267335	2.3925384170155723
20	-22384.511725045082	-22384.905293137144	-22384.511725045082	-0.3935680920612452	-22384.511725045082	0.4923311378192093	0.6818299505328388	0.9088175288906114	0.2192947035426679	0.28317667683878184	0.22654685251949605	0.2709817670990545	2.408164755359233	4.298898511655965
21	-21413.079481006425	-21414.42892769227	-21413.079481006425	-1.3494466858443905	-21413.079481006425	0.6619338847204924	0.7967853318316994	1.5171466186461935	0.22867889704706423	0.25960208404490714	0.24649167644940603	0.2652273424586229	1.7151090373014073	3.302488626071561
22	-21132.601605429576	-21132.33155538428	-21132.601605429576	0.27005004529440435	-21132.601605429576	0.8619067224764829	0.6454905878915794	1.635091982912021	0.22290829312268962	0.24895097273243222	0.27230650087967556	0.2558342332652029	3.352322073049521	4.324315115443279
23	-20244.617459205856	-20248.15978589328	-20244.617459205856	-3.542326687423012	-20244.617459205856	0.7236447721835165	0.21236151371518208	1.635091982912021	0.2143848796999989	0.24642633746749168	0.27852508508836704	0.26066369774414266	-0.15332300686384048	3.6224323420764204
24	-19951.309147705415	-19947.129890845343	-19951.309147705415	4.179256860073866	-19951.309147705415	0.5984031866436925	0.8286979460208818	1.2160037591083603	0.20584591594027005	0.24415968775049518	0.27998935449731827	0.2700050418119168	7.129719567551118	5.165947256743354
25	-19849.11990155009	-19856.81783888774	-19849.11990155009	-7.697937337649525	-19849.11990155009	1.0189713123391806	1.818799879179248	0.9120024414914853	0.21138911210360933	0.23677511023628786	0.2772095876208088	0.27462619003929434	-4.4743739344751745	2.820324346010831
26	-19654.57348011586	-19668.65331550128	-19654.57348011586	-14.079835385419727	-19654.57348011586	1.7541380231934374	1.9564415952125038	2.161790845509644	0.21439118102041554	0.22746826410666943	0.2822318730768492	0.2759086817960661	-10.30220625536085	1.9412596921751155
27	-19507.40491036139	-19514.142628506357	-19507.40491036139	-6.737718144966566	-19507.40491036139	0.8510043948749069	1.360613660930902	1.500323278010943	0.21549516583856404	0.22588879677438953	0.2881302731994251	0.27048576418762166	-3.473643673033611	2.873709632628217
28	-19348.48120796612	-19345.75458110064	-19348.48120796612	2.7266268654824652	-19348.48120796612	0.6247267247000803	0.9192855125382694	1.7787724727332752	0.21610209442463357	0.23790540255290388	0.26605072244100636	0.27994178058145647	5.936232999188945	3.328999186588097
29	-19267.442912998235	-19271.70193098802	-19267.442912998235	-4.2590179897849945	-19267.442912998235	0.8567803638162348	1.1058352330462686	1.7887445841238268	0.23355640752920775	0.250565119184691	0.2564660211262209	0.2594124521598807	-0.9778431286399583	2.859574628543685
30	-19175.999328134458	-19182.90325354725	-19175.999328134458	-6.903925412791855	-19175.999328134458	0.9606664810973218	2.483303977723006	1.0887800504312166	0.2490449926275044	0.24114565789574344	0.2544630818812828	0.2553462675954697	-3.3546196729117335	1.3912722480100752
31	-19071.06575667469	-19072.790607045776	-19071.06575667469	-1.7248503710868501	-19071.06575667469	0.860747116067685	1.1170634295609607	2.4323589643485946	0.23861322195492388	0.23584702747359204	0.2614910691939184	0.264048681377566	1.815902773370241	2.3102529872525075
32	-18942.201604800437	-18942.20502145134	-18942.201604800437	-0.0034166509039088577	-18942.201604800437	0.6032283983201533	1.2995862631499822	1.7334070807124093	0.24522465264008028	0.22850947949651002	0.2578091572113726	0.2684567106520374	3.3319211351084252	3.672619099075453
33	-18909.709854049204	-18916.458934725193	-18909.709854049204	-6.749080675988363	-18909.709854049204	1.2115329869029265	0.5463296849359156	2.0800203313176087	0.24061364717835312	0.2534094394002419	0.25491785348989954	0.2510590599315057	-3.490304532216057	2.8592703578899274
34	-18908.181489203	-18915.715404226492	-18908.181489203	-7.533915023490728	-18908.181489203	1.0805831424662293	0.496476631686972	0.9144846553778821	0.2413927385368371	0.26711956729134595	0.24852893238778065	0.24295876178403655	-4.734556386100316	3.446504919617622
35	-18619.26488664734	-18625.776588735665	-18619.26488664734	-6.5117020883268975	-18619.26488664734	1.0965029243243283	0.8946972914241347	1.2754712580813212	0.22894062706668714	0.2795198135823762	0.2619681985268374	0.2295713608240995	-3.517094674701283	2.252813462886305
36	-18499.91125230177	-18506.184070854102	-18499.91125230177	-6.272818552335478	-18499.91125230177	1.4215569839453728	1.115270035963695	0.4762597901054006	0.20954831577340322	0.30100736051629223	0.2576330182274879	0.23181130548281684	-3.396534387147164	3.285712344640647
37	-18379.009657861017	-18384.09450798632	-18379.009657861017	-5.084850125303506	-18379.009657861017	0.9533446337862067	0.5189170535727498	0.8664943933380599	0.20131992114278996	0.3128199474392359	0.25700233825508223	0.22885779316289212	-2.304154503025595	1.811140036400084
38	-18296.324514337914	-18296.30554737349	-18296.324514337914	0.018966964423355437	-18296.324514337914	0.7363039932979744	1.4711229263351313	0.9165182182186596	0.2061364950250029	0.3031417034382089	0.2654300204583211	0.2252917810784673	3.100834980184774	3.2123268737012856
39	-18271.561436680484	-18278.684018094904	-18271.561436680484	-7.122581414421049	-18271.561436680484	1.1331810074851347	1.1520234495228894	1.5372019164437445	0.19830794429283677	0.3035907123908208	0.2572782386801461	0.24082310463619658	-3.9271161282429228	2.3153715481366857
40	-18270.751245078784	-18271.26176288456	-18270.751245078784	-0.5105178057733888	-18270.751245078784	0.7310448158942522	0.7732842989606672	0.952513169596962	0.20482484049137278	0.31739877610777395	0.2509049267703345	0.22687145663051902	2.3254837714995524	3.232217057003961
41	-18244.597588583965	-18248.003870107	-18244.597588583965	-3.406281523035238	-18244.597588583965	0.9794090177940635	0.6755123502420407	0.4842740119005814	0.2130744611205675	0.31041405459014193	0.24624447891186887	0.23026700537742195	-0.6668849604158043	2.880017177100143
42	-17981.87159436619	-17988.08338379064	-17981.87159436619	-6.211789424451787	-17981.87159436619	1.3054860770931693	0.7705729193820019	0.881294060985267	0.21368432720085742	0.31041405459014193	0.24563461283157895	0.23026700537742195	-3.400094660105868	2.3053065114826423
43	-17943.829966763347	-17947.919114368022	-17943.829966763347	-4.089147604673964	-17943.829966763347	1.0414984851311304	0.7705729193820019	1.4328339277516287	0.2079731054747623	0.310209888021273	0.24652812153223835	0.23528888497172665	-1.0662036278956082	2.496586113234757
44	-17840.787192524644	-17845.240536918067	-17840.787192524644	-4.453344393422414	-17840.787192524644	0.9737129200766264	0.7814619118594538	1.0020601299960075	0.22070438566741402	0.30341677378991694	0.24056813353389897	0.2353107070087703	-1.5977520351946919	2.189391764586632
45	-17763.2965827585	-17766.423193182796	-17763.2965827585	-3.126610424295942	-17763.2965827585	0.7373171693374339	0.7810440482071309	0.8509076352395608	0.22581962283148307	0.3079415432472368	0.21948576787587853	0.2467530660454018	-0.32164963587189366	3.1669722314783866
46	-17752.28759694516	-17757.100551725733	-17752.28759694516	-4.812954780573029	-17752.28759694516	1.0345126653989936	1.611130249199477	1.2425274628384764	0.2174440873123031	0.30933893830390047	0.22426139062470482	0.2489555837590918	-1.5510418283576755	2.3245186250232805
47	-17724.436726138698	-17729.670852124626	-17724.436726138698	-5.234125985926392	-17724.436726138698	1.0747856197432997	1.42291672110461	1.2996756408583712	0.2172769542364249	0.297211831001789	0.2343837257489036	0.2511274890128827	-2.026830910227031	3.6669027144790456
48	-17674.975779821052	-17680.025209730604	-17674.975779821052	-5.049429909553503	-17674.975779821052	1.0013166910938225	1.1294283814884774	1.2806194402484092	0.20927169473811796	0.280547600067668	0.24185276314153914	0.2683279420526751	-1.9680880704940997	2.2394285959421314
49	-17654.58850355424	-17663.513387210372	-17654.58850355424	-8.924883656132124	-17654.58850355424	1.6773333251290028	1.189605879615886	1.070155261034565	0.2197290386432847	0.26479506118479634	0.24926017197074413	0.266215728201175	-5.9026887696290204	2.0634872343138566
50	-17648.191528511292	-17651.192341481055	-17648.191528511292	-3.0008129697643637	-17648.191528511292	0.982336292237667	0.9828902794131387	1.4535992660958708	0.21932365596636547	0.27046758070370347	0.2506879001242933	0.25952086320563794	0.09665963644411502	3.4772469667243135
51	-17580.693239746524	-17584.62073367784	-17580.693239746524	-3.9274939313138715	-17580.693239746524	1.4408401767242345	1.0176775785782617	0.46246463067027	0.21682249310892027	0.26627325751305686	0.24523328032663394	0.27167096905138916	-1.0842373257953604	2.9085972886287585
52	-17566.365438596302	-17569.599025037896	-17566.365438596302	-3.2335864415935553	-17566.365438596302	0.9511662215673061	1.0176775785782617	0.6053283864679061	0.23746828970908232	0.2632014253446541	0.24568285996624198	0.2536474249800218	-0.4030937874242282	3.3328658163394627
53	-17528.12903919142	-17529.742017605833	-17528.12903919142	-1.612978414415117	-17528.12903919142	0.9306104848792016	1.4115572373184708	1.1598937187218674	0.23276862198053727	0.26827058662365794	0.24531336641578327	0.2536474249800218	1.5337344153435515	2.4391240297500247
54	-17522.5738846909	-17525.61786185122	-17522.5738846909	-3.043977160319698	-17522.5738846909	0.9925115807906585	0.9481409267790356	1.1598937187218674	0.21729742571650212	0.27460095561230735	0.24122898183962366	0.26687263683156714	-0.07763767069823935	2.7534776929175573
55	-17517.694757825946	-17523.794829606497	-17517.694757825946	-6.100071780549759	-17517.694757825946	1.190239305302552	0.9266239340603688	1.3297963065716876	0.2235197212774744	0.2777802956582685	0.23324130654454342	0.2654586765197139	-3.0728778956178964	3.0452921324250086
56	-17504.972338921678	-17508.67558327205	-17504.972338921678	-3.7032443503688377	-17504.972338921678	1.1197986481388744	1.176678971465742	1.3297963065716876	0.22855132393362143	0.26079497441696037	0.2319782266289299	0.27867547502048856	-0.5834332247214737	2.842980099204169
57	-17447.437299745186	-17453.43723798107	-17447.437299745186	-5.999938235883933	-17447.437299745186	1.5532721352347474	1.4185546722148359	1.0544302832310446	0.23146687144861933	0.24698630601710714	0.24424752871991107	0.2772992938143627	-2.8908060128324795	2.8359902010615463
58	-17447.090605456462	-17450.61531813234	-17447.090605456462	-3.5247126758751026	-17447.090605456462	0.996340943617359	1.299899351042766	0.9065132011898499	0.23338178094463174	0.24980270444285407	0.2331523579521579	0.2836631566603565	-0.5163622527102287	3.289056688801447
59	-17434.13095517851	-17438.15352773801	-17434.13095517851	-4.022572559501545	-17434.13095517851	1.1104597240668077	1.2485043296923102	0.977456585878644	0.24750092380153405	0.25786999793171816	0.21714890018344593	0.27748017808330216	-1.0107866072160965	2.9576598124188496
60	-17430.68381349942	-17433.593347064943	-17430.68381349942	-2.909533565520472	-17430.68381349942	1.0213447813579304	1.1423500088323497	0.922027925555189	0.2572266460355766	0.26051300148198925	0.23002417095867053	0.2522361815237639	0.041094190135102515	3.3919106470522804
61	-17429.813323795803	-17434.36704781715	-17429.813323795803	-4.553724021347282	-17429.813323795803	1.4406339124191478	0.9584451396691358	0.9806568792672413	0.2639052386464208	0.2531512830449854	0.22442230644494113	0.25852117186365303	-1.6511725313805465	2.6744419810507627
62	-17416.949132635928	-17422.80862082078	-17416.949132635928	-5.859488184851476	-17416.949132635928	1.3316358800747057	0.9584451396691358	1.1933032097684115	0.26049272991700834	0.2609213806370287	0.225807413788392	0.25277847565757133	-2.876411750684401	2.886482776897455
63	-17407.019134279548	-17411.527330898847	-17407.019134279548	-4.508196619299447	-17407.019134279548	1.2290880233188441	0.9920852514131677	1.0288749701255873	0.25700084603397627	0.2626966157297642	0.225807413788392	0.25449512444786787	-1.5763658509781333	2.776772182665099
64	-17400.930524265128	-17406.833356855448	-17400.930524265128	-5.902832590321251	-17400.930524265128	1.0201669116660435	1.1105465286863025	0.9596054589112284	0.252227050750173	0.2634793410399013	0.24206532810508485	0.2422282801048412	-2.951703376318325	1.5734414016389624
65	-17398.36824839207	-17403.268904475583	-17398.36824839207	-4.900656083510018	-17398.36824839207	1.016333636464331	1.2835913724721233	1.009719345768797	0.24576402152186472	0.26095314924608276	0.24549549892733158	0.24778733030472125	-1.8631556774364595	1.8723305999733155
66	-17389.03437840584	-17392.88746890714	-17389.03437840584	-3.8530905013031935	-17389.03437840584	1.0805163426880822	1.2131420147826657	1.009719345768797	0.25221644491339607	0.25595467002224814	0.24251820785462253	0.24931067720973354	-0.8439113013818034	2.502272925898279
67	-17363.78599580425	-17367.57757711039	-17363.78599580425	-3.7915813061411185	-17363.78599580425	1.014873150232962	1.2131420147826657	1.0337663697548165	0.24795459740460915	0.2654726790409095	0.2458496621921406	0.240723061362341	-0.7736060412839851	3.052497454903733
68	-17357.101073129434	-17361.6887534884	-17357.101073129434	-4.587680358966831	-17357.101073129434	1.0314410128130496	1.2331768353020245	1.1276673048209833	0.24673989060365636	0.26801892316769094	0.246197815999234	0.239043370229419	-1.5261310080369155	1.90043896106555
69	-17353.259851155508	-17356.861089243397	-17353.259851155508	-3.6012380878875496	-17353.259851155508	1.0041721431592696	0.7784143360371751	0.7900031363914657	0.24556530785875938	0.2509877567659378	0.2538168853692105	0.24963005000609262	-0.8142515100494494	2.4488462447161417
70	-17349.17882018313	-17352.03456677952	-17349.17882018313	-2.8557465963883533	-17349.17882018313	0.9433580851089728	0.7243960163769443	1.0282817997980036	0.24505838121863202	0.24609638104419454	0.25224648834841434	0.2565987493887595	-0.004098653650404849	3.3613878863929383
71	-17347.798272083175	-17350.397748201838	-17347.798272083175	-2.599476118663854	-17347.798272083175	1.0072214434712226	0.692694297419248	1.0282817997980036	0.23878755120753944	0.2502708164167762	0.26599048973303435	0.24495114264265044	0.24593673668210236	2.8205949563008454
72	-17331.681875850452	-17334.82819029204	-17331.681875850452	-3.146314441585676	-17331.681875850452	0.9793428359946865	0.7714617427736764	1.0282817997980036	0.24234651558178782	0.23779757183013445	0.2736546226560887	0.24620128993198945	-0.28372619417786726	3.401191858148496
73	-17319.159097675165	-17321.933003193386	-17319.159097675165	-2.7739055182199097	-17319.159097675165	0.9718814603398357	0.7714617427736764	1.0282817997980036	0.24859762944464373	0.24228886165919486	0.2701760978024361	0.2389374110937257	0.08868272918789888	3.029519402242943
74	-17318.451328154075	-17321.761282510844	-17318.451328154075	-3.3099543567681344	-17318.451328154075	1.0527775148359848	0.8729098942947722	1.0282817997980036	0.2528882978747231	0.2370152438709706	0.2701760978024361	0.23992036045187065	-0.41852140145509953	2.154384054992724
75	-17310.710317338668	-17317.31460341263	-17310.710317338668	-6.604286073961435	-17310.710317338668	1.0451941634261277	0.8525970354449836	1.0282817997980036	0.2551900500934891	0.23938832841275604	0.254094215236831	0.2513274062569244	-3.719103805373027	1.4248486760654493
76	-17309.33807398736	-17313.24465033528	-17309.33807398736	-3.9065763479189615	-17309.33807398736	1.1564548065104803	0.8525970354449836	1.042704539550758	0.2529129301960599	0.24544601472119623	0.2516199580202909	0.2500210970624535	-1.0160690871243832	2.368462021699233
77	-17308.140286013328	-17311.861035752117	-17308.140286013328	-3.7207497387909925	-17308.140286013328	1.067652580837941	0.8525970354449836	1.0862240952947357	0.256276180341071	0.24227282546273465	0.2524164567143477	0.24903453748184726	-0.8138928107064585	2.8107902809833143
78	-17307.409131837718	-17310.765983807512	-17307.409131837718	-3.3568519697947257	-17307.409131837718	1.074639562780157	0.8346533325839944	1.0862240952947357	0.2592694391991446	0.22983614515000383	0.26185987816900497	0.24903453748184726	-0.45533679678391437	2.603053271406781
79	-17304.53424100314	-17309.219178694744	-17304.53424100314	-4.68493769160378	-17304.53424100314	1.1587470065725458	0.9264277629892945	1.0862240952947357	0.258504790920358	0.23861221873728788	0.2538484528605075	0.24903453748184726	-1.7544519794555908	3.138273636316602
80	-17304.184408038807	-17309.52219864064	-17304.184408038807	-5.337790601830481	-17304.184408038807	1.15002259693513	0.8695193887159216	1.0779651989306018	0.250560201172862	0.2465568084847839	0.26243795173914863	0.2404450386032061	-2.4288736233687063	3.6581772210451384
81	-17304.021073371314	-17307.332670558768	-17304.021073371314	-3.3115971874553036	-17304.021073371314	1.0277098142456553	0.8989914090192088	1.0779651989306018	0.2552986019406473	0.23719301669819295	0.2614549491768543	0.24605343218430603	-0.3933075081214428	2.7364324691038413
82	-17303.239946845795	-17309.57820138628	-17303.239946845795	-6.338254540486459	-17303.239946845795	1.1631315432366804	0.8989914090192088	1.0856452257856568	0.2534650490177627	0.23902656962107754	0.2625843041535037	0.24492407720765663	-3.4170518773496372	3.7886396055030613
83	-17303.16848597493	-17307.563790527907	-17303.16848597493	-4.3953045529776755	-17303.16848597493	1.072965778265785	0.8989914090192088	0.9659385113267128	0.2552664813089996	0.24993467783293313	0.2537909980521956	0.24100784280587215	-1.5179370761340394	3.401222176816589
84	-17302.99657714479	-17308.416601060362	-17302.99657714479	-5.420023915571783	-17302.99657714479	1.1358097650818648	0.8043393805549023	0.9710808539535335	0.2617628759244519	0.24343828321748084	0.24886983960829442	0.24592900124977335	-2.569362217443034	3.789027662502217
85	-17302.60896853705	-17306.418739257188	-17302.60896853705	-3.8097707201388467	-17302.60896853705	1.1077325761303012	0.8043393805549023	1.0464986600514532	0.263335776654691	0.2372943232880678	0.2550137995377075	0.2443561005195343	-0.9317971792052733	3.1088594278489845
86	-17302.580679956165	-17307.015298410766	-17302.580679956165	-4.4346184546014324	-17302.580679956165	1.0800178626676988	0.8034446207179512	1.0464986600514532	0.2538390140249457	0.2372943232880678	0.25930957207958977	0.24955709060739734	-1.5568901086873153	3.522597665725829
87	-17302.18846863737	-17307.03274060478	-17302.18846863737	-4.844271967410708	-17302.18846863737	1.126128500614779	0.8295968724304187	1.058906810054616	0.25230593614007857	0.23922834072806937	0.25930957207958977	0.24915615105226285	-1.954539653092886	3.064036908629398
88	-17301.681562025504	-17306.22233284313	-17301.681562025504	-4.540770817626175	-17301.681562025504	1.1833266763768475	0.9153603815771825	1.058906810054616	0.24847400571021236	0.24707843762028914	0.26011810853964334	0.2443294481298557	-1.6242876571952491	2.8261507531772203
89	-17301.66074380454	-17306.395988880628	-17301.66074380454	-4.735245076087358	-17301.66074380454	1.1230462385110116	0.9153603815771825	1.0984914215089079	0.24847400571021236	0.24707843762028914	0.26011810853964334	0.2443294481298557	-1.8037742162765182	3.702288819343278
90	-17300.060948215374	-17303.884118217098	-17300.060948215374	-3.8231700017247787	-17300.060948215374	1.0747898234765407	0.9153603815771825	1.0984914215089079	0.2503035572529604	0.24826993648835183	0.25302434417282144	0.24840216208586682	-0.8916991419139393	2.2028263221652398
91	-17299.583149376987	-17303.588702435576	-17299.583149376987	-4.005553058589564	-17299.583149376987	1.0483932153791067	0.9153603815771825	1.0984914215089079	0.2503035572529604	0.24866938239794706	0.2567484700120365	0.2442785903370565	-1.0740821987787248	3.312456762901771
92	-17298.944078125434	-17303.02253432825	-17298.944078125434	-4.078456202816134	-17298.944078125434	1.1039157827231934	0.9153603815771825	1.0984914215089079	0.25608864354437433	0.23617565423339928	0.2634571118851703	0.2442785903370565	-1.1469853430052943	2.072692653646468
93	-17298.784535487946	-17304.12553248269	-17298.784535487946	-5.340996994742935	-17298.784535487946	1.168481255421187	0.8504960435800674	1.0870470786406106	0.2655560775722854	0.2348616723566963	0.257321160377793	0.2422610896932257	-2.434461600596471	3.640429789519511
94	-17298.52543894433	-17303.19139974066	-17298.52543894433	-4.665960796329404	-17298.52543894433	1.1899776756665015	0.8514821239299656	1.0870470786406106	0.26644991638659576	0.241829285122687	0.24850716861705202	0.24321362987366565	-1.7591279148481913	1.9378654871985255
95	-17298.298075150047	-17301.61001453142	-17298.298075150047	-3.3119393813735734	-17298.298075150047	1.0509845334996755	0.8514821239299656	1.012875247668196	0.2628171936912177	0.241829285122687	0.2542528415125157	0.24110067967358004	-0.43272524001952384	2.5596333890239173
96	-17298.157595256573	-17301.692389221145	-17298.157595256573	-3.534793964574146	-17298.157595256573	1.1223307075773121	0.8514821239299656	0.9814849380732241	0.2628171936912177	0.23841431411494596	0.25550691507165624	0.24326157712218055	-0.6668538346039066	2.625594891257906
97	-17297.619922073372	-17301.85492177413	-17297.619922073372	-4.234999700759893	-17297.619922073372	1.1284039190844117	0.9203147964694628	1.1479249019714886	0.26029184191351445	0.23841431411494596	0.25550691507165624	0.24578692889988382	-1.2827688717260517	2.0513103953197698
98	-17297.214675157153	-17301.180038035334	-17297.214675157153	-3.965362878183133	-17297.214675157153	1.115979887948369	0.9203147964694628	1.1172361361136791	0.26029184191351445	0.23841431411494596	0.2571045715578045	0.2441892724137356	-1.0250448740069817	2.398035022314507
99	-17296.714054575765	-17301.21268632003	-17296.714054575765	-4.498631744262079	-17296.714054575765	1.0738144164753236	0.9203147964694628	1.1172361361136791	0.255444574090822	0.2432615819376384	0.2571045715578045	0.2441892724137356	-1.5583137400859277	1.8826756687846213
100	-17296.62912243714	-17300.70733611721	-17296.62912243714	-4.078213680068651	-17296.62912243714	1.1025125067028791	0.9203147964694628	1.0726713006494575	0.255444574090822	0.2432615819376384	0.2571045715578045	0.2441892724137356	-1.1549075821254906	2.9683618212784335
101	-17296.52984946368	-17300.30090503427	-17296.52984946368	-3.7710555705882944	-17296.52984946368	1.094728534233764	0.9203147964694628	1.0726713006494575	0.25726005358456927	0.2432615819376384	0.2568400858969216	0.24263827858087123	-0.847749472645134	2.78121146525632
102	-17296.394427383464	-17300.484428144584	-17296.394427383464	-4.090000761118464	-17296.394427383464	1.1132067317665502	0.9203147964694628	1.0726713006494575	0.25132173850828193	0.24632421287936787	0.2537774549551921	0.2485765936571586	-1.1666946631753037	2.1523370680199863
103	-17296.341363284635	-17300.543651250107	-17296.341363284635	-4.202287965471125	-17296.341363284635	1.1275404706507468	0.9203147964694628	1.0726713006494575	0.25132173850828193	0.24679947162903373	0.2537774549551921	0.24810133490749273	-1.278981867527965	2.3666664955059944
104	-17295.825658140333	-17299.389208465447	-17295.825658140333	-3.563550325113451	-17295.825658140333	1.060226849389139	0.9203147964694628	1.0726713006494575	0.25715840312409965	0.24294999554156738	0.25664539381051044	0.2432462075238231	-0.6402442271702906	2.3405725761521152
105	-17295.533025994377	-17299.451576685162	-17295.533025994377	-3.9185506907845005	-17295.533025994377	1.1462149316440022	0.9203147964694628	1.0726713006494575	0.25622382480747574	0.2438845738581913	0.2540629629522036	0.2458286383821299	-0.99524459284134	2.565161346930623
106	-17295.492713480104	-17298.977480111676	-17295.492713480104	-3.484766631570927	-17295.492713480104	1.0651105022927039	0.9203147964694628	1.035699602734617	0.25622382480747574	0.2438845738581913	0.2540629629522036	0.2458286383821299	-0.575268601589987	2.4705025423202613
107	-17294.416119283724	-17298.252242938463	-17294.416119283724	-3.8361236547399757	-17294.416119283724	1.1220928502058654	0.9203147964694628	1.0493973575094346	0.25622382480747574	0.2438845738581913	0.2540629629522036	0.2458286383821299	-0.9215454145391666	2.7301996156058346
108	-17294.363561694638	-17298.968609698964	-17294.363561694638	-4.605048004326308	-17294.363561694638	1.112598203346112	0.9203147964694628	1.0555320122278549	0.255233355210544	0.24174294237344468	0.25546754317447246	0.24755615924153943	-1.6881806327238253	3.392505997505943
109	-17293.790097158377	-17297.862968470832	-17293.790097158377	-4.07287131245401	-17293.790097158377	1.1347671205791268	0.9203147964694628	1.0555320122278549	0.25545359205487345	0.24174294237344468	0.25546754317447246	0.24733592239721	-1.1560039408515275	3.0273230076741227
110	-17293.783404079484	-17297.638071434176	-17293.783404079484	-3.854667354692776	-17293.783404079484	1.1301297872484792	0.9203147964694628	1.0555320122278549	0.25053998151657353	0.24665655291174463	0.25546754317447246	0.24733592239721	-0.9377999830902937	2.5182672496796887
111	-17293.71042397225	-17297.48316814736	-17293.71042397225	-3.772744175110304	-17293.71042397225	1.1081086780516634	0.9203147964694628	1.0555320122278549	0.25053998151657353	0.24665655291174463	0.25546754317447246	0.24733592239721	-0.8558768035078215	2.747865596260159
112	-17293.65876796768	-17297.625968219763	-17293.65876796768	-3.9672002520807017	-17293.65876796768	1.1234032546037702	0.9203147964694628	1.0555320122278549	0.25537380138243737	0.24395642110827756	0.25546754317447246	0.24520223433481325	-1.0503328804782193	2.3182569464060547
113	-17293.59206238929	-17297.719791363044	-17293.59206238929	-4.127728973754346	-17293.59206238929	1.1338885437782364	0.9203147964694628	1.0722626908716393	0.25537380138243737	0.24395642110827756	0.2544728655029633	0.24619691200632243	-1.204577095189027	2.25204941405063
114	-17293.278825186313	-17297.22382394784	-17293.278825186313	-3.9449987615277635	-17293.278825186313	1.1168260575945546	0.9203147964694628	1.0722626908716393	0.25537380138243737	0.24395642110827756	0.2544728655029633	0.24619691200632243	-1.0218468829624445	2.716025040132597
115	-17293.24137907436	-17297.280242717625	-17293.24137907436	-4.0388636432648255	-17293.24137907436	1.1532319860408284	0.9203147964694628	1.0722626908716393	0.25537380138243737	0.24395642110827756	0.2544728655029633	0.24619691200632243	-1.1157117646995065	2.387421728122346
116	-17293.185106963963	-17296.9929105475	-17293.185106963963	-3.8078035835363755	-17293.185106963963	1.1082616408744232	0.9203147964694628	1.0722626908716393	0.25659152267626123	0.24273869981445373	0.2544728655029633	0.24619691200632243	-0.8846517049710565	2.562597673692289
117	-17293.159054135933	-17297.12085115359	-17293.159054135933	-3.9617970176579	-17293.159054135933	1.130071650918078	0.9203147964694628	1.0722626908716393	0.2553373355111667	0.24439397732748377	0.25480488265561224	0.24546380450573796	-1.0386451390925808	2.8022044950246356
118	-17293.145026051694	-17297.401825412457	-17293.145026051694	-4.256799360763256	-17293.145026051694	1.0816540898571543	0.9203147964694628	1.0909446093218822	0.2553373355111667	0.2445835714962621	0.25461528848683396	0.24546380450573796	-1.3265624886650036	2.014872005175925
119	-17293.12926184379	-17297.880003158512	-17293.12926184379	-4.750741314721981	-17293.12926184379	1.1248617321618202	0.9203147964694628	1.0909446093218822	0.2553373355111667	0.2445835714962621	0.25461528848683396	0.24546380450573796	-1.8205044426237285	1.8770077287314013
120	-17293.105042189454	-17297.52668237248	-17293.105042189454	-4.421640183027535	-17293.105042189454	1.114352675312149	0.9206162183028663	1.0909446093218822	0.2562902677705223	0.2445835714962621	0.25461528848683396	0.24451087224638243	-1.4913027918998587	3.3855276907100142
121	-17293.015259432814	-17297.046146690616	-17293.015259432814	-4.030887257801489	-17293.015259432814	1.112872364508437	0.9206162183028663	1.0909446093218822	0.2562902677705223	0.2445835714962621	0.25461528848683396	0.24451087224638243	-1.1005498666738127	2.9454739437722424
122	-17292.99769801008	-17297.445603982513	-17292.99769801008	-4.447905972433686	-17292.99769801008	1.0902371369968036	0.9206162183028663	1.0909446093218822	0.2540851204949989	0.24378153593585716	0.2566307452762768	0.2455025982928679	-1.5175685813060094	3.4310209514433794
123	-17292.828297548254	-17296.881716468884	-17292.828297548254	-4.0534189206303495	-17292.828297548254	1.1099949884290161	0.9206162183028663	1.0909446093218822	0.2540851204949989	0.24378153593585716	0.2566307452762768	0.2455025982928679	-1.1230815295026728	2.1793820996040942
124	-17292.81626711794	-17296.890691528417	-17292.81626711794	-4.074424410474373	-17292.81626711794	1.1102422552865914	0.9206162183028663	1.0909446093218822	0.2540851204949989	0.24378153593585716	0.2566307452762768	0.2455025982928679	-1.1440870193466965	2.2020292713969676
125	-17292.814038815814	-17296.560669222687	-17292.814038815814	-3.74663040687388	-17292.814038815814	1.0975470024099354	0.9206162183028663	1.0909446093218822	0.2550327511241279	0.2442010883366541	0.25514803212484305	0.24561812841437572	-0.8162930157462034	2.845835406437282
126	-17292.765539604185	-17297.79838649433	-17292.765539604185	-5.032846890147132	-17292.765539604185	1.1216075087857955	0.9092865503570953	1.0909446093218822	0.2550327511241279	0.2442010883366541	0.25514803212484305	0.24561812841437572	-2.1062627979724944	1.7730946920103277
127	-17292.76367300572	-17297.98061544317	-17292.76367300572	-5.21694243745152	-17292.76367300572	1.1242725627094452	0.9092865503570953	1.0909446093218822	0.2550327511241279	0.2442010883366541	0.25514803212484305	0.24561812841437572	-2.290358345276882	3.7028910201997194
128	-17292.754988758195	-17296.69881410616	-17292.754988758195	-3.943825347962809	-17292.754988758195	1.120790034627245	0.9092865503570953	1.0909446093218822	0.2550327511241279	0.2442010883366541	0.25514803212484305	0.24561812841437572	-1.0172412557881714	2.81748757841992
129	-17292.751852616988	-17297.88299578939	-17292.751852616988	-5.131143172401472	-17292.751852616988	1.1295738781481588	0.9092865503570953	1.0909446093218822	0.2550327511241279	0.24202614397382333	0.2573229764876739	0.24561812841437572	-2.2045590802268347	3.6447338912991034
130	-17292.734547969	-17296.552208361	-17292.734547969	-3.817660392001784	-17292.734547969	1.113081458622941	0.9092865503570953	1.0909446093218822	0.2563908546160009	0.242233788434126	0.2557572285354982	0.24561812841437572	-0.8910762998271462	2.4819702740996035
131	-17292.730459927436	-17296.485357232	-17292.730459927436	-3.754897304562158	-17292.730459927436	1.1068950713120067	0.9031779776857408	1.0270937124634554	0.2563908546160009	0.242233788434126	0.2557572285354982	0.24561812841437572	-0.8542227741039374	2.5466953056810087
132	-17292.73027320498	-17296.787807641635	-17292.73027320498	-4.057534436656038	-17292.73027320498	1.107690840654121	0.9031779776857408	1.089174887169005	0.2563908546160009	0.242233788434126	0.25745604196429767	0.24391931498557626	-1.133626260623279	3.175879844469141
133	-17292.72948341962	-17296.719420846173	-17292.72948341962	-3.9899374265553265	-17292.72948341962	1.117129395588908	0.9031779776857408	1.089174887169005	0.2563908546160009	0.242233788434126	0.25745604196429767	0.24391931498557626	-1.066029250522568	2.2317338836038476
134	-17292.713588219656	-17296.674683243516	-17292.713588219656	-3.961095023860275	-17292.713588219656	1.1060485509053357	0.9031779776857408	1.089174887169005	0.25439261026266846	0.24389065290643205	0.25745604196429767	0.24426069486660268	-1.037186847827516	2.230430001622196
135	-17292.671378346462	-17296.633083965422	-17292.671378346462	-3.9617056189608775	-17292.671378346462	1.1212482605706435	0.9031779776857408	1.089174887169005	0.25439261026266846	0.24389065290643205	0.25607736694447825	0.2456393698864221	-1.0377974429281185	2.352113755187344
136	-17292.66703640437	-17296.544307995708	-17292.66703640437	-3.8772715913372817	-17292.66703640437	1.102886692270781	0.893387689489091	1.0514224018671832	0.25439261026266846	0.24389065290643205	0.25607736694447825	0.2456393698864221	-0.970768562099269	2.9712114201741398
137	-17292.65969740911	-17296.828546062105	-17292.65969740911	-4.168848652992956	-17292.65969740911	1.1163155966220257	0.893387689489091	1.0514224018671832	0.25439261026266846	0.24389065290643205	0.25607736694447825	0.2456393698864221	-1.2623456237549435	2.1479267962337243
138	-17292.532026382156	-17296.779372157253	-17292.532026382156	-4.24734577509696	-17292.532026382156	1.127645635802161	0.893387689489091	1.0514224018671832	0.25439261026266846	0.24389065290643205	0.25607736694447825	0.2456393698864221	-1.3408427458589474	3.193751583655759
139	-17292.51683305852	-17298.35452192804	-17292.51683305852	-5.837688869520526	-17292.51683305852	1.1255171513593931	0.893387689489091	1.0514224018671832	0.2541969369637956	0.24389065290643205	0.25607736694447825	0.24583504318529498	-2.931185840282513	1.57592955110417
140	-17292.514731876712	-17296.756833962932	-17292.514731876712	-4.242102086219732	-17292.514731876712	1.1340980150727864	0.893387689489091	1.0514224018671832	0.25489431243151683	0.24431689809914728	0.255651121751763	0.2451376677175737	-1.335599056981719	3.105404924433818
141	-17292.43846968017	-17297.976370952154	-17292.43846968017	-5.537901271982859	-17292.43846968017	1.120145832108476	0.8963919590175842	1.0514224018671832	0.25489431243151683	0.24431689809914728	0.25649691210432235	0.24429187736501434	-2.630428283437288	3.8749606266242496
142	-17292.41661701188	-17296.252354642358	-17292.41661701188	-3.835737630479284	-17292.41661701188	1.124034835217498	0.8963919590175842	1.0514224018671832	0.25519171141406854	0.24401949911659557	0.25649691210432235	0.24429187736501434	-0.9282646419337137	2.459184591717233
143	-17292.397733972266	-17296.17413583124	-17292.397733972266	-3.776401858973448	-17292.397733972266	1.115977177091745	0.8963919590175842	1.0514224018671832	0.25531290785126254	0.2438782675170738	0.2561760306325653	0.24463279399909918	-0.8689288704278777	2.408133638635243
144	-17292.38670358099	-17296.289120463127	-17292.38670358099	-3.9024168821374428	-17292.38670358099	1.1108397275754673	0.8963919590175842	1.0514224018671832	0.25531290785126254	0.2438782675170738	0.2561760306325653	0.24463279399909918	-0.9949438935918726	2.2703410929405754
145	-17292.369606888384	-17296.22791603981	-17292.369606888384	-3.8583091514279335	-17292.369606888384	1.1268603153834233	0.8963919590175842	1.0514224018671832	0.2558795522361658	0.24331162313217053	0.2561760306325653	0.24463279399909918	-0.9508361628823634	2.4028722133914244
146	-17292.348919866745	-17296.525719036897	-17292.348919866745	-4.176799170152561	-17292.348919866745	1.1209140254440066	0.8963919590175842	1.0514224018671832	0.2558795522361658	0.24331162313217053	0.2561760306325653	0.24463279399909918	-1.2693261816069912	3.171701847293349
147	-17292.347727131713	-17296.74993778508	-17292.347727131713	-4.402210653365697	-17292.347727131713	1.1206176608534217	0.8963919590175842	1.0514224018671832	0.2558795522361658	0.24331162313217053	0.2561760306325653	0.24463279399909918	-1.4947376648201267	3.285416262747042
148	-17292.33931887058	-17296.119556592446	-17292.33931887058	-3.7802377218662926	-17292.33931887058	1.1155401179569102	0.8963919590175842	1.0514224018671832	0.2558795522361658	0.24331162313217053	0.2561760306325653	0.24463279399909918	-0.8727647333207225	2.6621498183494428
149	-17292.33351726395	-17296.349497688007	-17292.33351726395	-4.015980424056524	-17292.33351726395	1.1198029424892746	0.8963919590175842	1.0514224018671832	0.2558795522361658	0.24331162313217053	0.2561760306325653	0.24463279399909918	-1.1085074355109539	3.0055805700240956
150	-17292.331845749715	-17296.169384423007	-17292.331845749715	-3.8375386732911823	-17292.331845749715	1.1198029424892746	0.8963919590175842	1.0514224018671832	0.2558795522361658	0.24331162313217053	0.2561760306325653	0.24463279399909918	-0.9300656847456121	2.6057758007682184
151	-17292.32290485368	-17296.819598986905	-17292.32290485368	-4.496694133224231	-17292.32290485368	1.1173681083620988	0.8875013726178654	1.0484336236394234	0.2558795522361658	0.24331162313217053	0.25615997046661304	0.24464885416505144	-1.5931935259888128	1.9492254906313156
152	-17292.29937833212	-17296.17395308255	-17292.29937833212	-3.8745747504277275	-17292.29937833212	1.1173681083620988	0.8875013726178654	1.0484336236394234	0.2558795522361658	0.24331162313217053	0.25615997046661304	0.24464885416505144	-0.9710741431923084	2.897429575235475
153	-17292.287708830037	-17296.129222840413	-17292.287708830037	-3.841514010374438	-17292.287708830037	1.1263111148005611	0.8875013726178654	1.0484336236394234	0.2558795522361658	0.24331162313217053	0.25615997046661304	0.24464885416505144	-0.9380134031390188	2.5870474475407312
154	-17292.286228833793	-17296.203970024217	-17292.286228833793	-3.917741190424143	-17292.286228833793	1.1228832107806475	0.8875013726178654	1.0484336236394234	0.2558795522361658	0.24331162313217053	0.25615997046661304	0.24464885416505144	-1.014240583188724	2.350661261691893
155	-17292.281531598714	-17296.10624962686	-17292.281531598714	-3.8247180281485558	-17292.281531598714	1.115237462885624	0.8875013726178654	1.0484336236394234	0.2558795522361658	0.24331162313217053	0.25615997046661304	0.24464885416505144	-0.9212174209131367	2.458365426825596
156	-17292.27466700437	-17296.33122206012	-17292.27466700437	-4.056555055749271	-17292.27466700437	1.1152655752787501	0.8875013726178654	1.0484336236394234	0.2558795522361658	0.24331162313217053	0.25615997046661304	0.24464885416505144	-1.1530544485138527	3.04765802135581
